Using pre-set license
Built from '2021.3/staging' branch; Version is '2021.3.20f1 (577897200b8b) revision 5732503'; Using compiler version '192829333'; Build Type 'Release'
OS: 'Windows 11  (10.0.22631) 64bit Professional' Language: 'ko' Physical Memory: 7542 MB
BatchMode: 1, IsHumanControllingUs: 0, StartBugReporterOnCrash: 0, Is64bit: 1, IsPro: 1

COMMAND LINE ARGUMENTS:
D:\Unity\2021.3.20f1\Editor\Unity.exe
-adb2
-batchMode
-noUpm
-name
AssetImportWorker0
-projectPath
D:/Unity/popCorn
-logFile
Logs/AssetImportWorker0.log
-srvPort
55663
Successfully changed project path to: D:/Unity/popCorn
D:/Unity/popCorn
[UnityMemory] Configuration Parameters - Can be set up in boot.config
    "memorysetup-bucket-allocator-granularity=16"
    "memorysetup-bucket-allocator-bucket-count=8"
    "memorysetup-bucket-allocator-block-size=33554432"
    "memorysetup-bucket-allocator-block-count=8"
    "memorysetup-main-allocator-block-size=16777216"
    "memorysetup-thread-allocator-block-size=16777216"
    "memorysetup-gfx-main-allocator-block-size=16777216"
    "memorysetup-gfx-thread-allocator-block-size=16777216"
    "memorysetup-cache-allocator-block-size=4194304"
    "memorysetup-typetree-allocator-block-size=2097152"
    "memorysetup-profiler-bucket-allocator-granularity=16"
    "memorysetup-profiler-bucket-allocator-bucket-count=8"
    "memorysetup-profiler-bucket-allocator-block-size=33554432"
    "memorysetup-profiler-bucket-allocator-block-count=8"
    "memorysetup-profiler-allocator-block-size=16777216"
    "memorysetup-profiler-editor-allocator-block-size=1048576"
    "memorysetup-temp-allocator-size-main=16777216"
    "memorysetup-job-temp-allocator-block-size=2097152"
    "memorysetup-job-temp-allocator-block-size-background=1048576"
    "memorysetup-job-temp-allocator-reduction-small-platforms=262144"
    "memorysetup-temp-allocator-size-background-worker=32768"
    "memorysetup-temp-allocator-size-job-worker=262144"
    "memorysetup-temp-allocator-size-preload-manager=33554432"
    "memorysetup-temp-allocator-size-nav-mesh-worker=65536"
    "memorysetup-temp-allocator-size-audio-worker=65536"
    "memorysetup-temp-allocator-size-cloud-worker=32768"
    "memorysetup-temp-allocator-size-gi-baking-worker=262144"
    "memorysetup-temp-allocator-size-gfx=262144"
Player connection [14068] Host "[IP] 10.106.1.211 [Port] 0 [Flags] 2 [Guid] 1767595461 [EditorId] 1767595461 [Version] 1048832 [Id] WindowsEditor(7,DESKTOP-ASNT16C) [Debug] 1 [PackageName] WindowsEditor [ProjectName] Editor" joined multi-casting on [225.0.0.222:54997]...

Player connection [14068] Host "[IP] 10.106.1.211 [Port] 0 [Flags] 2 [Guid] 1767595461 [EditorId] 1767595461 [Version] 1048832 [Id] WindowsEditor(7,DESKTOP-ASNT16C) [Debug] 1 [PackageName] WindowsEditor [ProjectName] Editor" joined alternative multi-casting on [225.0.0.222:34997]...

Refreshing native plugins compatible for Editor in 132.94 ms, found 3 plugins.
Preloading 0 native plugins for Editor in 0.00 ms.
Initialize engine version: 2021.3.20f1 (577897200b8b)
[Subsystems] Discovering subsystems at path D:/Unity/2021.3.20f1/Editor/Data/Resources/UnitySubsystems
[Subsystems] Discovering subsystems at path D:/Unity/popCorn/Assets
GfxDevice: creating device client; threaded=0; jobified=0
Direct3D:
    Version:  Direct3D 11.0 [level 11.1]
    Renderer: AMD Radeon(TM) Graphics (ID=0x1636)
    Vendor:   ATI
    VRAM:     3771 MB
    Driver:   27.20.11028.10001
Initialize mono
Mono path[0] = 'D:/Unity/2021.3.20f1/Editor/Data/Managed'
Mono path[1] = 'D:/Unity/2021.3.20f1/Editor/Data/MonoBleedingEdge/lib/mono/unityjit-win32'
Mono config path = 'D:/Unity/2021.3.20f1/Editor/Data/MonoBleedingEdge/etc'
Using monoOptions --debugger-agent=transport=dt_socket,embedding=1,server=y,suspend=n,address=127.0.0.1:56620
Begin MonoManager ReloadAssembly
Registering precompiled unity dll's ...
Register platform support module: D:/Unity/2021.3.20f1/Editor/Data/PlaybackEngines/WebGLSupport/UnityEditor.WebGL.Extensions.dll
Register platform support module: D:/Unity/2021.3.20f1/Editor/Data/PlaybackEngines/WindowsStandaloneSupport/UnityEditor.WindowsStandalone.Extensions.dll
Registered in 0.006738 seconds.
Native extension for WindowsStandalone target not found
Native extension for WebGL target not found
Refreshing native plugins compatible for Editor in 130.82 ms, found 3 plugins.
Preloading 0 native plugins for Editor in 0.00 ms.
Mono: successfully reloaded assembly
- Completed reload, in  1.173 seconds
Domain Reload Profiling:
	ReloadAssembly (1174ms)
		BeginReloadAssembly (244ms)
			ExecutionOrderSort (0ms)
			DisableScriptedObjects (0ms)
			BackupInstance (0ms)
			ReleaseScriptingObjects (0ms)
			CreateAndSetChildDomain (1ms)
		EndReloadAssembly (774ms)
			LoadAssemblies (244ms)
			RebuildTransferFunctionScriptingTraits (0ms)
			SetupTypeCache (194ms)
			ReleaseScriptCaches (0ms)
			RebuildScriptCaches (51ms)
			SetupLoadedEditorAssemblies (448ms)
				LogAssemblyErrors (0ms)
				InitializePlatformSupportModulesInManaged (13ms)
				SetLoadedEditorAssemblies (0ms)
				RefreshPlugins (131ms)
				BeforeProcessingInitializeOnLoad (2ms)
				ProcessInitializeOnLoadAttributes (219ms)
				ProcessInitializeOnLoadMethodAttributes (82ms)
				AfterProcessingInitializeOnLoad (0ms)
				EditorAssembliesLoaded (0ms)
			ExecutionOrderSort2 (0ms)
			AwakeInstancesAfterBackupRestoration (0ms)
Platform modules already initialized, skipping
Registering precompiled user dll's ...
Registered in 0.007004 seconds.
Begin MonoManager ReloadAssembly
Symbol file LoadedFromMemory doesn't match image D:\Unity\popCorn\Library\PackageCache\com.unity.visualscripting@1.8.0\Editor\VisualScripting.Core\Dependencies\YamlDotNet\Unity.VisualScripting.YamlDotNet.dll
Symbol file LoadedFromMemory doesn't match image D:\Unity\popCorn\Library\PackageCache\com.unity.visualscripting@1.8.0\Editor\VisualScripting.Core\Dependencies\DotNetZip\Unity.VisualScripting.IonicZip.dll
Native extension for WindowsStandalone target not found
Native extension for WebGL target not found
Refreshing native plugins compatible for Editor in 0.88 ms, found 3 plugins.
Preloading 0 native plugins for Editor in 0.00 ms.
Mono: successfully reloaded assembly
Package Manager log level set to [2]
- Completed reload, in  1.663 seconds
Domain Reload Profiling:
	ReloadAssembly (1664ms)
		BeginReloadAssembly (225ms)
			ExecutionOrderSort (0ms)
			DisableScriptedObjects (10ms)
			BackupInstance (0ms)
			ReleaseScriptingObjects (0ms)
			CreateAndSetChildDomain (29ms)
		EndReloadAssembly (1277ms)
			LoadAssemblies (248ms)
			RebuildTransferFunctionScriptingTraits (0ms)
			SetupTypeCache (397ms)
			ReleaseScriptCaches (1ms)
			RebuildScriptCaches (93ms)
			SetupLoadedEditorAssemblies (524ms)
				LogAssemblyErrors (0ms)
				InitializePlatformSupportModulesInManaged (7ms)
				SetLoadedEditorAssemblies (1ms)
				RefreshPlugins (1ms)
				BeforeProcessingInitializeOnLoad (127ms)
				ProcessInitializeOnLoadAttributes (356ms)
				ProcessInitializeOnLoadMethodAttributes (30ms)
				AfterProcessingInitializeOnLoad (3ms)
				EditorAssembliesLoaded (0ms)
			ExecutionOrderSort2 (0ms)
			AwakeInstancesAfterBackupRestoration (11ms)
Platform modules already initialized, skipping
========================================================================
Worker process is ready to serve import requests
Launched and connected shader compiler UnityShaderCompiler.exe after 0.08 seconds
Refreshing native plugins compatible for Editor in 1.11 ms, found 3 plugins.
Preloading 0 native plugins for Editor in 0.00 ms.
Unloading 3181 Unused Serialized files (Serialized files now loaded: 0)
Unloading 36 unused Assets / (56.1 KB). Loaded Objects now: 3630.
Memory consumption went from 112.4 MB to 112.3 MB.
Total: 5.155600 ms (FindLiveObjects: 0.575900 ms CreateObjectMapping: 0.210500 ms MarkObjects: 4.211900 ms  DeleteObjects: 0.154200 ms)

AssetImportParameters requested are different than current active one (requested -> active):
  custom:video-decoder-ogg-theora: a1e56fd34408186e4bbccfd4996cb3dc -> 
  custom:container-muxer-webm: aa71ff27fc2769a1b78a27578f13a17b -> 
  custom:container-demuxer-webm: 4f35f7cbe854078d1ac9338744f61a02 -> 
  custom:video-encoder-webm-vp8: eb34c28f22e8b96e1ab97ce403110664 -> 
  custom:video-codec-MediaFoundation-h265: e54d7ab0439102e2317fc1e4b246158d -> 
  custom:audio-encoder-webm-vorbis: bf7c407c2cedff20999df2af8eb42d56 -> 
  custom:framework-win-MediaFoundation: 216162199b28c13a410421893ffa2e32 -> 
  custom:container-demuxer-ogg: 62fdf1f143b41e24485cea50d1cbac27 -> 
  custom:video-decoder-webm-vp8: 9c59270c3fd7afecdb556c50c9e8de78 -> 
  custom:audio-decoder-ogg-vorbis: bf7c407c2cedff20999df2af8eb42d56 -> 
========================================================================
Received Import Request.
  Time since last request: 608231.199694 seconds.
  path: Assets/Scanta/Zeamays Fighter/Prefabs/Walking.prefab
  artifactKey: Guid(40bbc21cd00e84c91bf6a11ddeedb543) Importer(815301076,1909f56bfc062723c751e8b465ee728b)
Start importing Assets/Scanta/Zeamays Fighter/Prefabs/Walking.prefab using Guid(40bbc21cd00e84c91bf6a11ddeedb543) Importer(815301076,1909f56bfc062723c751e8b465ee728b)  -> (artifact id: '880db58bbca6283197774ba3f6492378') in 0.601621 seconds 
========================================================================
Received Import Request.
  Time since last request: 0.000044 seconds.
  path: Assets/Scanta/Zeamays Fighter
  artifactKey: Guid(d36aceec1ace8584ab2864138832e89a) Importer(815301076,1909f56bfc062723c751e8b465ee728b)
Start importing Assets/Scanta/Zeamays Fighter using Guid(d36aceec1ace8584ab2864138832e89a) Importer(815301076,1909f56bfc062723c751e8b465ee728b)  -> (artifact id: '2c77ac594f6e51fcd98104909409ec29') in 0.011991 seconds 
========================================================================
Received Import Request.
  Time since last request: 0.000052 seconds.
  path: Assets/Scanta
  artifactKey: Guid(db3677d9d8224ce46ae86be541fb6d3e) Importer(815301076,1909f56bfc062723c751e8b465ee728b)
Start importing Assets/Scanta using Guid(db3677d9d8224ce46ae86be541fb6d3e) Importer(815301076,1909f56bfc062723c751e8b465ee728b)  -> (artifact id: '975b9163b402e86d856a54a6a8e2bc69') in 0.011735 seconds 
========================================================================
Received Import Request.
  Time since last request: 0.000056 seconds.
  path: Assets/Scanta/Zeamays Fighter/Prefabs/Attack02.prefab
  artifactKey: Guid(f12548b88f9ad4bbab8d352486e4ffe6) Importer(815301076,1909f56bfc062723c751e8b465ee728b)
Start importing Assets/Scanta/Zeamays Fighter/Prefabs/Attack02.prefab using Guid(f12548b88f9ad4bbab8d352486e4ffe6) Importer(815301076,1909f56bfc062723c751e8b465ee728b)  -> (artifact id: 'ab79330e9468afabb4c949e92c907fb2') in 0.038162 seconds 
========================================================================
Received Import Request.
  Time since last request: 0.000024 seconds.
  path: Assets/Scanta/Zeamays Fighter/Prefabs/ill.prefab
  artifactKey: Guid(01f7805ea1b294a6897095b9513dbf57) Importer(815301076,1909f56bfc062723c751e8b465ee728b)
Start importing Assets/Scanta/Zeamays Fighter/Prefabs/ill.prefab using Guid(01f7805ea1b294a6897095b9513dbf57) Importer(815301076,1909f56bfc062723c751e8b465ee728b)  -> (artifact id: '9764886903d63a27fbe5a08d1ecc292b') in 0.074308 seconds 
========================================================================
Received Import Request.
  Time since last request: 0.000068 seconds.
  path: Assets/Scanta/Zeamays Fighter/Prefabs/Hit Reaction.prefab
  artifactKey: Guid(2b27c33811f3549e5b5dd3ca8d8bbd68) Importer(815301076,1909f56bfc062723c751e8b465ee728b)
Start importing Assets/Scanta/Zeamays Fighter/Prefabs/Hit Reaction.prefab using Guid(2b27c33811f3549e5b5dd3ca8d8bbd68) Importer(815301076,1909f56bfc062723c751e8b465ee728b)  -> (artifact id: '8ed4f2a1bbd44c3ee29997d6eabe5060') in 0.033586 seconds 
========================================================================
Received Import Request.
  Time since last request: 0.000027 seconds.
  path: Assets/Scanta/Zeamays Fighter/Prefabs/Running.prefab
  artifactKey: Guid(cbb61bd1b394a454fb48a5937a97b4c2) Importer(815301076,1909f56bfc062723c751e8b465ee728b)
Start importing Assets/Scanta/Zeamays Fighter/Prefabs/Running.prefab using Guid(cbb61bd1b394a454fb48a5937a97b4c2) Importer(815301076,1909f56bfc062723c751e8b465ee728b)  -> (artifact id: 'e5534a9feda1b68809613503c8931c6c') in 0.035385 seconds 
========================================================================
Received Import Request.
  Time since last request: 0.000028 seconds.
  path: Assets/Scanta/Zeamays Fighter/Prefabs/Scared.prefab
  artifactKey: Guid(335be6389f0dd47f888c9db3d41347be) Importer(815301076,1909f56bfc062723c751e8b465ee728b)
Start importing Assets/Scanta/Zeamays Fighter/Prefabs/Scared.prefab using Guid(335be6389f0dd47f888c9db3d41347be) Importer(815301076,1909f56bfc062723c751e8b465ee728b)  -> (artifact id: 'c23835e6a7c6bdcc259b1ddf4614fe06') in 0.035492 seconds 
========================================================================
Received Import Request.
  Time since last request: 0.000036 seconds.
  path: Assets/Scanta/Zeamays Fighter/Prefabs/StandingUp.prefab
  artifactKey: Guid(750fc2802804e46a69732c5e4b01c814) Importer(815301076,1909f56bfc062723c751e8b465ee728b)
Start importing Assets/Scanta/Zeamays Fighter/Prefabs/StandingUp.prefab using Guid(750fc2802804e46a69732c5e4b01c814) Importer(815301076,1909f56bfc062723c751e8b465ee728b)  -> (artifact id: 'a24b0e9b07e0d455a04bf4ceb477931e') in 0.034035 seconds 
========================================================================
Received Import Request.
  Time since last request: 0.000024 seconds.
  path: Assets/Scanta/Zeamays Fighter/Prefabs/Taunt.prefab
  artifactKey: Guid(7a3cbc711da7b437384a4aa1207ad5d7) Importer(815301076,1909f56bfc062723c751e8b465ee728b)
Start importing Assets/Scanta/Zeamays Fighter/Prefabs/Taunt.prefab using Guid(7a3cbc711da7b437384a4aa1207ad5d7) Importer(815301076,1909f56bfc062723c751e8b465ee728b)  -> (artifact id: '3259b30977f131d578037469699271a3') in 0.034283 seconds 
========================================================================
Received Import Request.
  Time since last request: 0.000029 seconds.
  path: Assets/Scanta/Zeamays Fighter/Prefabs/Excited.prefab
  artifactKey: Guid(1ee677ff0df56481aa2f231f6aa7b8c8) Importer(815301076,1909f56bfc062723c751e8b465ee728b)
Start importing Assets/Scanta/Zeamays Fighter/Prefabs/Excited.prefab using Guid(1ee677ff0df56481aa2f231f6aa7b8c8) Importer(815301076,1909f56bfc062723c751e8b465ee728b)  -> (artifact id: '28433cd3e0729b3fc447cfba97e98d5f') in 0.034640 seconds 
========================================================================
Received Import Request.
  Time since last request: 0.000025 seconds.
  path: Assets/Scanta/Zeamays Fighter/Prefabs/Death.prefab
  artifactKey: Guid(1303cee17342149f0b2d0d2eb7bbc341) Importer(815301076,1909f56bfc062723c751e8b465ee728b)
Start importing Assets/Scanta/Zeamays Fighter/Prefabs/Death.prefab using Guid(1303cee17342149f0b2d0d2eb7bbc341) Importer(815301076,1909f56bfc062723c751e8b465ee728b)  -> (artifact id: '5989a294c2c7bd376e8d9a8636fa1bb4') in 0.034652 seconds 
========================================================================
Received Import Request.
  Time since last request: 0.000032 seconds.
  path: Assets/Scanta/Zeamays Fighter/Prefabs
  artifactKey: Guid(e845a8e0aad744e58ace7d70c9a099b1) Importer(815301076,1909f56bfc062723c751e8b465ee728b)
Start importing Assets/Scanta/Zeamays Fighter/Prefabs using Guid(e845a8e0aad744e58ace7d70c9a099b1) Importer(815301076,1909f56bfc062723c751e8b465ee728b)  -> (artifact id: '5156a2b877bc3d968e99bbfd1bb370e1') in 0.014043 seconds 
========================================================================
Received Import Request.
  Time since last request: 0.000029 seconds.
  path: Assets/Scanta/Zeamays Fighter/Prefabs/Attack01.prefab
  artifactKey: Guid(8adc24504e08949689af5987575ca2d7) Importer(815301076,1909f56bfc062723c751e8b465ee728b)
Start importing Assets/Scanta/Zeamays Fighter/Prefabs/Attack01.prefab using Guid(8adc24504e08949689af5987575ca2d7) Importer(815301076,1909f56bfc062723c751e8b465ee728b)  -> (artifact id: '0546efaa2e0f1505dd98639833234a3e') in 0.035831 seconds 
========================================================================
Received Import Request.
  Time since last request: 0.000031 seconds.
  path: Assets/Scanta/Zeamays Fighter/Prefabs/Jump.prefab
  artifactKey: Guid(bc445afafeb8e4094abbc834b5055075) Importer(815301076,1909f56bfc062723c751e8b465ee728b)
Start importing Assets/Scanta/Zeamays Fighter/Prefabs/Jump.prefab using Guid(bc445afafeb8e4094abbc834b5055075) Importer(815301076,1909f56bfc062723c751e8b465ee728b)  -> (artifact id: '4a4c64dd73b45e82d02e2f3219dce695') in 0.034698 seconds 
========================================================================
Received Import Request.
  Time since last request: 0.000039 seconds.
  path: Assets/Scanta/Zeamays Fighter/Prefabs/Defeated.prefab
  artifactKey: Guid(62a96944931544710aee7308d6303e09) Importer(815301076,1909f56bfc062723c751e8b465ee728b)
Start importing Assets/Scanta/Zeamays Fighter/Prefabs/Defeated.prefab using Guid(62a96944931544710aee7308d6303e09) Importer(815301076,1909f56bfc062723c751e8b465ee728b)  -> (artifact id: '4c7b6687885700b439b54c467d9181ca') in 0.034837 seconds 
========================================================================
Received Import Request.
  Time since last request: 8.024260 seconds.
  path: Assets/Scanta/Zeamays Fighter/Models
  artifactKey: Guid(26cd3343a27d8454f89c022e7e7d1634) Importer(815301076,1909f56bfc062723c751e8b465ee728b)
Start importing Assets/Scanta/Zeamays Fighter/Models using Guid(26cd3343a27d8454f89c022e7e7d1634) Importer(815301076,1909f56bfc062723c751e8b465ee728b)  -> (artifact id: 'ebefb6f8a7680242c81512f76c6908dd') in 0.015964 seconds 
========================================================================
Received Import Request.
  Time since last request: 0.032110 seconds.
  path: Assets/Scanta/Zeamays Fighter/Models/Attack01.fbx
  artifactKey: Guid(0182ba30a17d9404eb5aaeea0dafefd7) Importer(815301076,1909f56bfc062723c751e8b465ee728b)
Start importing Assets/Scanta/Zeamays Fighter/Models/Attack01.fbx using Guid(0182ba30a17d9404eb5aaeea0dafefd7) Importer(815301076,1909f56bfc062723c751e8b465ee728b)  -> (artifact id: 'e5d4269a08928a18492806cb97953074') in 0.608398 seconds 
========================================================================
Received Import Request.
  Time since last request: 0.000044 seconds.
  path: Assets/Scanta/Zeamays Fighter/Models/Walking.fbx
  artifactKey: Guid(668864d6676174f33a4b1730ad8ec6d7) Importer(815301076,1909f56bfc062723c751e8b465ee728b)
Start importing Assets/Scanta/Zeamays Fighter/Models/Walking.fbx using Guid(668864d6676174f33a4b1730ad8ec6d7) Importer(815301076,1909f56bfc062723c751e8b465ee728b)  -> (artifact id: 'e66ddd1ed41a4a516ee8bfb853c4c86a') in 0.084255 seconds 
========================================================================
Received Import Request.
  Time since last request: 0.000055 seconds.
  path: Assets/Scanta/Zeamays Fighter/Models/StandingUp.fbx
  artifactKey: Guid(3488acea9187b4122b3568edf0da533a) Importer(815301076,1909f56bfc062723c751e8b465ee728b)
Start importing Assets/Scanta/Zeamays Fighter/Models/StandingUp.fbx using Guid(3488acea9187b4122b3568edf0da533a) Importer(815301076,1909f56bfc062723c751e8b465ee728b)  -> (artifact id: 'eb621e114db696b24497cda755911d3a') in 0.067953 seconds 
========================================================================
Received Import Request.
  Time since last request: 0.000039 seconds.
  path: Assets/Scanta/Zeamays Fighter/Models/ill.fbx
  artifactKey: Guid(c907f1036a01e4bdca96b61d1cca0b86) Importer(815301076,1909f56bfc062723c751e8b465ee728b)
Start importing Assets/Scanta/Zeamays Fighter/Models/ill.fbx using Guid(c907f1036a01e4bdca96b61d1cca0b86) Importer(815301076,1909f56bfc062723c751e8b465ee728b)  -> (artifact id: 'a35d59a90e0cf9a8ae23192391ce37fc') in 0.432847 seconds 
========================================================================
Received Import Request.
  Time since last request: 0.000063 seconds.
  path: Assets/Scanta/Zeamays Fighter/Models/Hit Reaction.fbx
  artifactKey: Guid(c3dfbf5ec9a38436eb3d63d735214961) Importer(815301076,1909f56bfc062723c751e8b465ee728b)
Start importing Assets/Scanta/Zeamays Fighter/Models/Hit Reaction.fbx using Guid(c3dfbf5ec9a38436eb3d63d735214961) Importer(815301076,1909f56bfc062723c751e8b465ee728b)  -> (artifact id: '66b946792ff5ba2b76fbd4246ea92187') in 0.092299 seconds 
========================================================================
Received Import Request.
  Time since last request: 0.000063 seconds.
  path: Assets/Scanta/Zeamays Fighter/Models/Excited.fbx
  artifactKey: Guid(a7dc28bbad2c84e5c8248ba9a41f748a) Importer(815301076,1909f56bfc062723c751e8b465ee728b)
Start importing Assets/Scanta/Zeamays Fighter/Models/Excited.fbx using Guid(a7dc28bbad2c84e5c8248ba9a41f748a) Importer(815301076,1909f56bfc062723c751e8b465ee728b)  -> (artifact id: '12b670a23147ed1b6ef1c39307491346') in 0.065972 seconds 
========================================================================
Received Import Request.
  Time since last request: 0.000039 seconds.
  path: Assets/Scanta/Zeamays Fighter/Models/Running.fbx
  artifactKey: Guid(9c2f271d68f07425ca39e22b7bdc13f5) Importer(815301076,1909f56bfc062723c751e8b465ee728b)
Start importing Assets/Scanta/Zeamays Fighter/Models/Running.fbx using Guid(9c2f271d68f07425ca39e22b7bdc13f5) Importer(815301076,1909f56bfc062723c751e8b465ee728b)  -> (artifact id: '012f8d02e2fe0abeab2c60e8a2485108') in 0.086964 seconds 
========================================================================
Received Import Request.
  Time since last request: 0.000037 seconds.
  path: Assets/Scanta/Zeamays Fighter/Models/Jump.fbx
  artifactKey: Guid(2fe8dadb005894a6ba7d6505cbc90e5b) Importer(815301076,1909f56bfc062723c751e8b465ee728b)
Start importing Assets/Scanta/Zeamays Fighter/Models/Jump.fbx using Guid(2fe8dadb005894a6ba7d6505cbc90e5b) Importer(815301076,1909f56bfc062723c751e8b465ee728b)  -> (artifact id: '380a9983cf1e623321a52b461481d9d5') in 0.086103 seconds 
========================================================================
Received Import Request.
  Time since last request: 0.000047 seconds.
  path: Assets/Scanta/Zeamays Fighter/Models/Taunt.fbx
  artifactKey: Guid(0e19ca473e3c04b1dbabc39f2e29a7a2) Importer(815301076,1909f56bfc062723c751e8b465ee728b)
Start importing Assets/Scanta/Zeamays Fighter/Models/Taunt.fbx using Guid(0e19ca473e3c04b1dbabc39f2e29a7a2) Importer(815301076,1909f56bfc062723c751e8b465ee728b)  -> (artifact id: '171ca9bba890ddb1d4de92939887b61b') in 0.085135 seconds 
========================================================================
Received Import Request.
  Time since last request: 0.000070 seconds.
  path: Assets/Scanta/Zeamays Fighter/Models/Death.fbx
  artifactKey: Guid(6409bee34a80047758d528da2403be5a) Importer(815301076,1909f56bfc062723c751e8b465ee728b)
Start importing Assets/Scanta/Zeamays Fighter/Models/Death.fbx using Guid(6409bee34a80047758d528da2403be5a) Importer(815301076,1909f56bfc062723c751e8b465ee728b)  -> (artifact id: '1184b6481433e2b8845ad9adcbc600b8') in 0.073906 seconds 
========================================================================
Received Import Request.
  Time since last request: 0.000027 seconds.
  path: Assets/Scanta/Zeamays Fighter/Models/Attack02.fbx
  artifactKey: Guid(2e5f00cd5b19b40aaba60b1a814c5d3e) Importer(815301076,1909f56bfc062723c751e8b465ee728b)
Start importing Assets/Scanta/Zeamays Fighter/Models/Attack02.fbx using Guid(2e5f00cd5b19b40aaba60b1a814c5d3e) Importer(815301076,1909f56bfc062723c751e8b465ee728b)  -> (artifact id: 'e32adf6a6bb98220fc6ba0d6452c994a') in 0.072291 seconds 
========================================================================
Received Import Request.
  Time since last request: 0.000027 seconds.
  path: Assets/Scanta/Zeamays Fighter/Models/Scared.fbx
  artifactKey: Guid(1c7a7508fa924499ea34cb7e1009e9e2) Importer(815301076,1909f56bfc062723c751e8b465ee728b)
Start importing Assets/Scanta/Zeamays Fighter/Models/Scared.fbx using Guid(1c7a7508fa924499ea34cb7e1009e9e2) Importer(815301076,1909f56bfc062723c751e8b465ee728b)  -> (artifact id: 'caa8940e2dbe72904807f432ef186c1b') in 0.051298 seconds 
========================================================================
Received Import Request.
  Time since last request: 0.000028 seconds.
  path: Assets/Scanta/Zeamays Fighter/Models/Defeated.fbx
  artifactKey: Guid(280042745292046fcb2f0238e82331c9) Importer(815301076,1909f56bfc062723c751e8b465ee728b)
Start importing Assets/Scanta/Zeamays Fighter/Models/Defeated.fbx using Guid(280042745292046fcb2f0238e82331c9) Importer(815301076,1909f56bfc062723c751e8b465ee728b)  -> (artifact id: 'f45a2b24bfcf5d26065a90ab4c02a231') in 0.051149 seconds 
========================================================================
Received Import Request.
  Time since last request: 4.333073 seconds.
  path: Assets/Scanta/Zeamays Fighter/Materials
  artifactKey: Guid(6bf0158a7319b491a90cabc2f7f37ee5) Importer(815301076,1909f56bfc062723c751e8b465ee728b)
Start importing Assets/Scanta/Zeamays Fighter/Materials using Guid(6bf0158a7319b491a90cabc2f7f37ee5) Importer(815301076,1909f56bfc062723c751e8b465ee728b)  -> (artifact id: '78b7e9b8914d116b817eefa5f3cd0c23') in 0.016915 seconds 
========================================================================
Received Import Request.
  Time since last request: 0.025142 seconds.
  path: Assets/Scanta/Zeamays Fighter/Materials/ZeamaysFighter_Albedo.mat
  artifactKey: Guid(1c22dc2bf8e7b4625861a9d1fb7aed7f) Importer(815301076,1909f56bfc062723c751e8b465ee728b)
Start importing Assets/Scanta/Zeamays Fighter/Materials/ZeamaysFighter_Albedo.mat using Guid(1c22dc2bf8e7b4625861a9d1fb7aed7f) Importer(815301076,1909f56bfc062723c751e8b465ee728b)  -> (artifact id: 'ba68bf701b682942ad1c4c8fae722d36') in 0.038769 seconds 
========================================================================
Received Import Request.
  Time since last request: 2.718137 seconds.
  path: Assets/Scanta/Zeamays Fighter/AnimatorController
  artifactKey: Guid(b67858959e86e493a83aa02ef0a728c2) Importer(815301076,1909f56bfc062723c751e8b465ee728b)
Start importing Assets/Scanta/Zeamays Fighter/AnimatorController using Guid(b67858959e86e493a83aa02ef0a728c2) Importer(815301076,1909f56bfc062723c751e8b465ee728b)  -> (artifact id: 'c7c13e990009b602c3cf5fc2e4cc79f6') in 0.016347 seconds 
========================================================================
Received Import Request.
  Time since last request: 2.351843 seconds.
  path: Assets/Scanta/Zeamays Fighter/Scene
  artifactKey: Guid(f50fe884e7b5849cab3710189217d71a) Importer(815301076,1909f56bfc062723c751e8b465ee728b)
Start importing Assets/Scanta/Zeamays Fighter/Scene using Guid(f50fe884e7b5849cab3710189217d71a) Importer(815301076,1909f56bfc062723c751e8b465ee728b)  -> (artifact id: '602352a4d774405fe5d0bff831963b61') in 0.015663 seconds 
========================================================================
Received Import Request.
  Time since last request: 0.827991 seconds.
  path: Assets/Scanta/Zeamays Fighter/Scene/ZeamaysFighter_WalkingDemo.unity
  artifactKey: Guid(9688c17e0ea7e4817a5864f908b4318c) Importer(815301076,1909f56bfc062723c751e8b465ee728b)
Start importing Assets/Scanta/Zeamays Fighter/Scene/ZeamaysFighter_WalkingDemo.unity using Guid(9688c17e0ea7e4817a5864f908b4318c) Importer(815301076,1909f56bfc062723c751e8b465ee728b)  -> (artifact id: '656096f75e567d751bbc1248a4db290f') in 0.015613 seconds 
========================================================================
Received Prepare
Registering precompiled user dll's ...
Registered in 0.006401 seconds.
Begin MonoManager ReloadAssembly
Symbol file LoadedFromMemory doesn't match image D:\Unity\popCorn\Library\PackageCache\com.unity.visualscripting@1.8.0\Editor\VisualScripting.Core\Dependencies\YamlDotNet\Unity.VisualScripting.YamlDotNet.dll
Symbol file LoadedFromMemory doesn't match image D:\Unity\popCorn\Library\PackageCache\com.unity.visualscripting@1.8.0\Editor\VisualScripting.Core\Dependencies\DotNetZip\Unity.VisualScripting.IonicZip.dll
Native extension for WindowsStandalone target not found
Native extension for WebGL target not found
Refreshing native plugins compatible for Editor in 1.08 ms, found 3 plugins.
Preloading 0 native plugins for Editor in 0.00 ms.
Mono: successfully reloaded assembly
- Completed reload, in  1.392 seconds
Domain Reload Profiling:
	ReloadAssembly (1393ms)
		BeginReloadAssembly (203ms)
			ExecutionOrderSort (0ms)
			DisableScriptedObjects (6ms)
			BackupInstance (0ms)
			ReleaseScriptingObjects (0ms)
			CreateAndSetChildDomain (45ms)
		EndReloadAssembly (1057ms)
			LoadAssemblies (150ms)
			RebuildTransferFunctionScriptingTraits (0ms)
			SetupTypeCache (351ms)
			ReleaseScriptCaches (2ms)
			RebuildScriptCaches (67ms)
			SetupLoadedEditorAssemblies (450ms)
				LogAssemblyErrors (0ms)
				InitializePlatformSupportModulesInManaged (9ms)
				SetLoadedEditorAssemblies (1ms)
				RefreshPlugins (1ms)
				BeforeProcessingInitializeOnLoad (93ms)
				ProcessInitializeOnLoadAttributes (313ms)
				ProcessInitializeOnLoadMethodAttributes (29ms)
				AfterProcessingInitializeOnLoad (4ms)
				EditorAssembliesLoaded (0ms)
			ExecutionOrderSort2 (0ms)
			AwakeInstancesAfterBackupRestoration (13ms)
Platform modules already initialized, skipping
Refreshing native plugins compatible for Editor in 3.44 ms, found 3 plugins.
Preloading 0 native plugins for Editor in 0.00 ms.
Unloading 3162 Unused Serialized files (Serialized files now loaded: 0)
Unloading 30 unused Assets / (25.4 KB). Loaded Objects now: 3678.
Memory consumption went from 128.8 MB to 128.7 MB.
Total: 4.751200 ms (FindLiveObjects: 0.428500 ms CreateObjectMapping: 0.144200 ms MarkObjects: 4.116800 ms  DeleteObjects: 0.057800 ms)

AssetImportParameters requested are different than current active one (requested -> active):
  custom:video-decoder-ogg-theora: a1e56fd34408186e4bbccfd4996cb3dc -> 
  custom:container-muxer-webm: aa71ff27fc2769a1b78a27578f13a17b -> 
  custom:container-demuxer-webm: 4f35f7cbe854078d1ac9338744f61a02 -> 
  custom:video-encoder-webm-vp8: eb34c28f22e8b96e1ab97ce403110664 -> 
  custom:video-codec-MediaFoundation-h265: e54d7ab0439102e2317fc1e4b246158d -> 
  custom:audio-encoder-webm-vorbis: bf7c407c2cedff20999df2af8eb42d56 -> 
  custom:framework-win-MediaFoundation: 216162199b28c13a410421893ffa2e32 -> 
  custom:container-demuxer-ogg: 62fdf1f143b41e24485cea50d1cbac27 -> 
  custom:video-decoder-webm-vp8: 9c59270c3fd7afecdb556c50c9e8de78 -> 
  custom:audio-decoder-ogg-vorbis: bf7c407c2cedff20999df2af8eb42d56 -> 
========================================================================
Received Prepare
Registering precompiled user dll's ...
Registered in 0.005431 seconds.
Begin MonoManager ReloadAssembly
Symbol file LoadedFromMemory doesn't match image D:\Unity\popCorn\Library\PackageCache\com.unity.visualscripting@1.8.0\Editor\VisualScripting.Core\Dependencies\YamlDotNet\Unity.VisualScripting.YamlDotNet.dll
Symbol file LoadedFromMemory doesn't match image D:\Unity\popCorn\Library\PackageCache\com.unity.visualscripting@1.8.0\Editor\VisualScripting.Core\Dependencies\DotNetZip\Unity.VisualScripting.IonicZip.dll
Native extension for WindowsStandalone target not found
Native extension for WebGL target not found
Refreshing native plugins compatible for Editor in 1.35 ms, found 3 plugins.
Preloading 0 native plugins for Editor in 0.00 ms.
Mono: successfully reloaded assembly
- Completed reload, in  1.396 seconds
Domain Reload Profiling:
	ReloadAssembly (1397ms)
		BeginReloadAssembly (201ms)
			ExecutionOrderSort (0ms)
			DisableScriptedObjects (8ms)
			BackupInstance (0ms)
			ReleaseScriptingObjects (0ms)
			CreateAndSetChildDomain (43ms)
		EndReloadAssembly (1059ms)
			LoadAssemblies (147ms)
			RebuildTransferFunctionScriptingTraits (0ms)
			SetupTypeCache (354ms)
			ReleaseScriptCaches (2ms)
			RebuildScriptCaches (63ms)
			SetupLoadedEditorAssemblies (461ms)
				LogAssemblyErrors (0ms)
				InitializePlatformSupportModulesInManaged (9ms)
				SetLoadedEditorAssemblies (1ms)
				RefreshPlugins (1ms)
				BeforeProcessingInitializeOnLoad (93ms)
				ProcessInitializeOnLoadAttributes (320ms)
				ProcessInitializeOnLoadMethodAttributes (33ms)
				AfterProcessingInitializeOnLoad (4ms)
				EditorAssembliesLoaded (0ms)
			ExecutionOrderSort2 (0ms)
			AwakeInstancesAfterBackupRestoration (11ms)
Platform modules already initialized, skipping
Refreshing native plugins compatible for Editor in 4.17 ms, found 3 plugins.
Preloading 0 native plugins for Editor in 0.00 ms.
Unloading 3162 Unused Serialized files (Serialized files now loaded: 0)
Unloading 29 unused Assets / (25.6 KB). Loaded Objects now: 3681.
Memory consumption went from 128.8 MB to 128.7 MB.
Total: 4.406500 ms (FindLiveObjects: 0.337800 ms CreateObjectMapping: 0.127000 ms MarkObjects: 3.829200 ms  DeleteObjects: 0.109900 ms)

AssetImportParameters requested are different than current active one (requested -> active):
  custom:video-decoder-ogg-theora: a1e56fd34408186e4bbccfd4996cb3dc -> 
  custom:container-muxer-webm: aa71ff27fc2769a1b78a27578f13a17b -> 
  custom:container-demuxer-webm: 4f35f7cbe854078d1ac9338744f61a02 -> 
  custom:video-encoder-webm-vp8: eb34c28f22e8b96e1ab97ce403110664 -> 
  custom:video-codec-MediaFoundation-h265: e54d7ab0439102e2317fc1e4b246158d -> 
  custom:audio-encoder-webm-vorbis: bf7c407c2cedff20999df2af8eb42d56 -> 
  custom:framework-win-MediaFoundation: 216162199b28c13a410421893ffa2e32 -> 
  custom:container-demuxer-ogg: 62fdf1f143b41e24485cea50d1cbac27 -> 
  custom:video-decoder-webm-vp8: 9c59270c3fd7afecdb556c50c9e8de78 -> 
  custom:audio-decoder-ogg-vorbis: bf7c407c2cedff20999df2af8eb42d56 -> 
========================================================================
Received Prepare
Registering precompiled user dll's ...
Registered in 0.006056 seconds.
Begin MonoManager ReloadAssembly
Symbol file LoadedFromMemory doesn't match image D:\Unity\popCorn\Library\PackageCache\com.unity.visualscripting@1.8.0\Editor\VisualScripting.Core\Dependencies\YamlDotNet\Unity.VisualScripting.YamlDotNet.dll
Symbol file LoadedFromMemory doesn't match image D:\Unity\popCorn\Library\PackageCache\com.unity.visualscripting@1.8.0\Editor\VisualScripting.Core\Dependencies\DotNetZip\Unity.VisualScripting.IonicZip.dll
Native extension for WindowsStandalone target not found
Native extension for WebGL target not found
Refreshing native plugins compatible for Editor in 1.01 ms, found 3 plugins.
Preloading 0 native plugins for Editor in 0.00 ms.
Mono: successfully reloaded assembly
- Completed reload, in  1.355 seconds
Domain Reload Profiling:
	ReloadAssembly (1356ms)
		BeginReloadAssembly (199ms)
			ExecutionOrderSort (0ms)
			DisableScriptedObjects (8ms)
			BackupInstance (0ms)
			ReleaseScriptingObjects (0ms)
			CreateAndSetChildDomain (43ms)
		EndReloadAssembly (1023ms)
			LoadAssemblies (146ms)
			RebuildTransferFunctionScriptingTraits (0ms)
			SetupTypeCache (320ms)
			ReleaseScriptCaches (2ms)
			RebuildScriptCaches (67ms)
			SetupLoadedEditorAssemblies (450ms)
				LogAssemblyErrors (0ms)
				InitializePlatformSupportModulesInManaged (9ms)
				SetLoadedEditorAssemblies (1ms)
				RefreshPlugins (1ms)
				BeforeProcessingInitializeOnLoad (90ms)
				ProcessInitializeOnLoadAttributes (313ms)
				ProcessInitializeOnLoadMethodAttributes (33ms)
				AfterProcessingInitializeOnLoad (3ms)
				EditorAssembliesLoaded (0ms)
			ExecutionOrderSort2 (0ms)
			AwakeInstancesAfterBackupRestoration (13ms)
Platform modules already initialized, skipping
Refreshing native plugins compatible for Editor in 3.59 ms, found 3 plugins.
Preloading 0 native plugins for Editor in 0.00 ms.
Unloading 3162 Unused Serialized files (Serialized files now loaded: 0)
Unloading 29 unused Assets / (24.7 KB). Loaded Objects now: 3684.
Memory consumption went from 128.8 MB to 128.8 MB.
Total: 4.911400 ms (FindLiveObjects: 0.393000 ms CreateObjectMapping: 0.183600 ms MarkObjects: 4.291300 ms  DeleteObjects: 0.041600 ms)

AssetImportParameters requested are different than current active one (requested -> active):
  custom:video-decoder-ogg-theora: a1e56fd34408186e4bbccfd4996cb3dc -> 
  custom:container-muxer-webm: aa71ff27fc2769a1b78a27578f13a17b -> 
  custom:container-demuxer-webm: 4f35f7cbe854078d1ac9338744f61a02 -> 
  custom:video-encoder-webm-vp8: eb34c28f22e8b96e1ab97ce403110664 -> 
  custom:video-codec-MediaFoundation-h265: e54d7ab0439102e2317fc1e4b246158d -> 
  custom:audio-encoder-webm-vorbis: bf7c407c2cedff20999df2af8eb42d56 -> 
  custom:framework-win-MediaFoundation: 216162199b28c13a410421893ffa2e32 -> 
  custom:container-demuxer-ogg: 62fdf1f143b41e24485cea50d1cbac27 -> 
  custom:video-decoder-webm-vp8: 9c59270c3fd7afecdb556c50c9e8de78 -> 
  custom:audio-decoder-ogg-vorbis: bf7c407c2cedff20999df2af8eb42d56 -> 
========================================================================
Received Import Request.
  Time since last request: 87.414709 seconds.
  path: Assets/Scenes
  artifactKey: Guid(30340b97d11d06a45ab35a95bc963c9a) Importer(815301076,1909f56bfc062723c751e8b465ee728b)
Start importing Assets/Scenes using Guid(30340b97d11d06a45ab35a95bc963c9a) Importer(815301076,1909f56bfc062723c751e8b465ee728b)  -> (artifact id: '2cebdab469fdb3923507f91ab35d2166') in 0.027670 seconds 
========================================================================
Received Import Request.
  Time since last request: 0.575344 seconds.
  path: Assets/Scenes/SampleScene.unity
  artifactKey: Guid(c850ee8c3b14cc8459e7e186857cf567) Importer(815301076,1909f56bfc062723c751e8b465ee728b)
Start importing Assets/Scenes/SampleScene.unity using Guid(c850ee8c3b14cc8459e7e186857cf567) Importer(815301076,1909f56bfc062723c751e8b465ee728b)  -> (artifact id: '0e693cd224ee49ce472a48493f6bd151') in 0.020436 seconds 
========================================================================
Received Prepare
Registering precompiled user dll's ...
Registered in 0.005370 seconds.
Begin MonoManager ReloadAssembly
Symbol file LoadedFromMemory doesn't match image D:\Unity\popCorn\Library\PackageCache\com.unity.visualscripting@1.8.0\Editor\VisualScripting.Core\Dependencies\YamlDotNet\Unity.VisualScripting.YamlDotNet.dll
Symbol file LoadedFromMemory doesn't match image D:\Unity\popCorn\Library\PackageCache\com.unity.visualscripting@1.8.0\Editor\VisualScripting.Core\Dependencies\DotNetZip\Unity.VisualScripting.IonicZip.dll
Native extension for WindowsStandalone target not found
Native extension for WebGL target not found
Refreshing native plugins compatible for Editor in 1.20 ms, found 3 plugins.
Preloading 0 native plugins for Editor in 0.00 ms.
Mono: successfully reloaded assembly
- Completed reload, in  1.347 seconds
Domain Reload Profiling:
	ReloadAssembly (1349ms)
		BeginReloadAssembly (200ms)
			ExecutionOrderSort (0ms)
			DisableScriptedObjects (10ms)
			BackupInstance (0ms)
			ReleaseScriptingObjects (0ms)
			CreateAndSetChildDomain (42ms)
		EndReloadAssembly (1012ms)
			LoadAssemblies (149ms)
			RebuildTransferFunctionScriptingTraits (0ms)
			SetupTypeCache (323ms)
			ReleaseScriptCaches (2ms)
			RebuildScriptCaches (62ms)
			SetupLoadedEditorAssemblies (442ms)
				LogAssemblyErrors (0ms)
				InitializePlatformSupportModulesInManaged (7ms)
				SetLoadedEditorAssemblies (1ms)
				RefreshPlugins (1ms)
				BeforeProcessingInitializeOnLoad (89ms)
				ProcessInitializeOnLoadAttributes (309ms)
				ProcessInitializeOnLoadMethodAttributes (31ms)
				AfterProcessingInitializeOnLoad (3ms)
				EditorAssembliesLoaded (0ms)
			ExecutionOrderSort2 (0ms)
			AwakeInstancesAfterBackupRestoration (11ms)
Platform modules already initialized, skipping
Refreshing native plugins compatible for Editor in 3.58 ms, found 3 plugins.
Preloading 0 native plugins for Editor in 0.00 ms.
Unloading 3162 Unused Serialized files (Serialized files now loaded: 0)
Unloading 29 unused Assets / (25.7 KB). Loaded Objects now: 3687.
Memory consumption went from 128.8 MB to 128.8 MB.
Total: 5.006100 ms (FindLiveObjects: 0.380600 ms CreateObjectMapping: 0.207400 ms MarkObjects: 4.358300 ms  DeleteObjects: 0.057100 ms)

AssetImportParameters requested are different than current active one (requested -> active):
  custom:video-decoder-ogg-theora: a1e56fd34408186e4bbccfd4996cb3dc -> 
  custom:container-muxer-webm: aa71ff27fc2769a1b78a27578f13a17b -> 
  custom:container-demuxer-webm: 4f35f7cbe854078d1ac9338744f61a02 -> 
  custom:video-encoder-webm-vp8: eb34c28f22e8b96e1ab97ce403110664 -> 
  custom:video-codec-MediaFoundation-h265: e54d7ab0439102e2317fc1e4b246158d -> 
  custom:audio-encoder-webm-vorbis: bf7c407c2cedff20999df2af8eb42d56 -> 
  custom:framework-win-MediaFoundation: 216162199b28c13a410421893ffa2e32 -> 
  custom:container-demuxer-ogg: 62fdf1f143b41e24485cea50d1cbac27 -> 
  custom:video-decoder-webm-vp8: 9c59270c3fd7afecdb556c50c9e8de78 -> 
  custom:audio-decoder-ogg-vorbis: bf7c407c2cedff20999df2af8eb42d56 -> 
========================================================================
Received Prepare
Registering precompiled user dll's ...
Registered in 0.005265 seconds.
Begin MonoManager ReloadAssembly
Symbol file LoadedFromMemory doesn't match image D:\Unity\popCorn\Library\PackageCache\com.unity.visualscripting@1.8.0\Editor\VisualScripting.Core\Dependencies\YamlDotNet\Unity.VisualScripting.YamlDotNet.dll
Symbol file LoadedFromMemory doesn't match image D:\Unity\popCorn\Library\PackageCache\com.unity.visualscripting@1.8.0\Editor\VisualScripting.Core\Dependencies\DotNetZip\Unity.VisualScripting.IonicZip.dll
Native extension for WindowsStandalone target not found
Native extension for WebGL target not found
Refreshing native plugins compatible for Editor in 1.21 ms, found 3 plugins.
Preloading 0 native plugins for Editor in 0.00 ms.
Mono: successfully reloaded assembly
- Completed reload, in  1.381 seconds
Domain Reload Profiling:
	ReloadAssembly (1382ms)
		BeginReloadAssembly (200ms)
			ExecutionOrderSort (0ms)
			DisableScriptedObjects (8ms)
			BackupInstance (0ms)
			ReleaseScriptingObjects (0ms)
			CreateAndSetChildDomain (42ms)
		EndReloadAssembly (1047ms)
			LoadAssemblies (147ms)
			RebuildTransferFunctionScriptingTraits (0ms)
			SetupTypeCache (336ms)
			ReleaseScriptCaches (3ms)
			RebuildScriptCaches (69ms)
			SetupLoadedEditorAssemblies (447ms)
				LogAssemblyErrors (0ms)
				InitializePlatformSupportModulesInManaged (7ms)
				SetLoadedEditorAssemblies (1ms)
				RefreshPlugins (1ms)
				BeforeProcessingInitializeOnLoad (90ms)
				ProcessInitializeOnLoadAttributes (312ms)
				ProcessInitializeOnLoadMethodAttributes (31ms)
				AfterProcessingInitializeOnLoad (3ms)
				EditorAssembliesLoaded (0ms)
			ExecutionOrderSort2 (0ms)
			AwakeInstancesAfterBackupRestoration (12ms)
Platform modules already initialized, skipping
Refreshing native plugins compatible for Editor in 4.15 ms, found 3 plugins.
Preloading 0 native plugins for Editor in 0.00 ms.
Unloading 3162 Unused Serialized files (Serialized files now loaded: 0)
Unloading 29 unused Assets / (24.7 KB). Loaded Objects now: 3690.
Memory consumption went from 128.8 MB to 128.8 MB.
Total: 4.649900 ms (FindLiveObjects: 0.462300 ms CreateObjectMapping: 0.203300 ms MarkObjects: 3.930600 ms  DeleteObjects: 0.050900 ms)

AssetImportParameters requested are different than current active one (requested -> active):
  custom:video-decoder-ogg-theora: a1e56fd34408186e4bbccfd4996cb3dc -> 
  custom:container-muxer-webm: aa71ff27fc2769a1b78a27578f13a17b -> 
  custom:container-demuxer-webm: 4f35f7cbe854078d1ac9338744f61a02 -> 
  custom:video-encoder-webm-vp8: eb34c28f22e8b96e1ab97ce403110664 -> 
  custom:video-codec-MediaFoundation-h265: e54d7ab0439102e2317fc1e4b246158d -> 
  custom:audio-encoder-webm-vorbis: bf7c407c2cedff20999df2af8eb42d56 -> 
  custom:framework-win-MediaFoundation: 216162199b28c13a410421893ffa2e32 -> 
  custom:container-demuxer-ogg: 62fdf1f143b41e24485cea50d1cbac27 -> 
  custom:video-decoder-webm-vp8: 9c59270c3fd7afecdb556c50c9e8de78 -> 
  custom:audio-decoder-ogg-vorbis: bf7c407c2cedff20999df2af8eb42d56 -> 
========================================================================
Received Import Request.
  Time since last request: 478.097674 seconds.
  path: Assets/src/옥수수두ㅐ.png
  artifactKey: Guid(e7ad62e0785ce4c4e8644d9cbdcfdf5b) Importer(815301076,1909f56bfc062723c751e8b465ee728b)
Start importing Assets/src/옥수수두ㅐ.png using Guid(e7ad62e0785ce4c4e8644d9cbdcfdf5b) Importer(815301076,1909f56bfc062723c751e8b465ee728b)  -> (artifact id: '742e0f9972fc1dc84a8c57322d80a9b9') in 0.107792 seconds 
========================================================================
Received Import Request.
  Time since last request: 28.286815 seconds.
  path: Assets/src/dkf.png
  artifactKey: Guid(73f57543bbe892e4fac8385c8ca2496f) Importer(815301076,1909f56bfc062723c751e8b465ee728b)
Start importing Assets/src/dkf.png using Guid(73f57543bbe892e4fac8385c8ca2496f) Importer(815301076,1909f56bfc062723c751e8b465ee728b)  -> (artifact id: 'ae4aaa9fa94ac5b21b9252a0ab4d8f63') in 0.027953 seconds 
========================================================================
Received Import Request.
  Time since last request: 12.587576 seconds.
  path: Assets/src/corn2.png
  artifactKey: Guid(73f57543bbe892e4fac8385c8ca2496f) Importer(815301076,1909f56bfc062723c751e8b465ee728b)
Start importing Assets/src/corn2.png using Guid(73f57543bbe892e4fac8385c8ca2496f) Importer(815301076,1909f56bfc062723c751e8b465ee728b)  -> (artifact id: '884069aac6c352b1b16d0a8904f4a5c7') in 0.023655 seconds 
========================================================================
Received Import Request.
  Time since last request: 8.905528 seconds.
  path: Assets/src/background.png
  artifactKey: Guid(e7ad62e0785ce4c4e8644d9cbdcfdf5b) Importer(815301076,1909f56bfc062723c751e8b465ee728b)
Start importing Assets/src/background.png using Guid(e7ad62e0785ce4c4e8644d9cbdcfdf5b) Importer(815301076,1909f56bfc062723c751e8b465ee728b)  -> (artifact id: 'e580e297e631b26eb89830677bf9078f') in 0.025480 seconds 
========================================================================
Received Import Request.
  Time since last request: 62.369362 seconds.
  path: Assets/src/background.png
  artifactKey: Guid(e7ad62e0785ce4c4e8644d9cbdcfdf5b) Importer(815301076,1909f56bfc062723c751e8b465ee728b)
Start importing Assets/src/background.png using Guid(e7ad62e0785ce4c4e8644d9cbdcfdf5b) Importer(815301076,1909f56bfc062723c751e8b465ee728b)  -> (artifact id: '74d42b851195188a7f98baf6e64c7617') in 0.094145 seconds 
========================================================================
Received Import Request.
  Time since last request: 386.714882 seconds.
  path: Assets/src/corn2.png
  artifactKey: Guid(73f57543bbe892e4fac8385c8ca2496f) Importer(815301076,1909f56bfc062723c751e8b465ee728b)
Start importing Assets/src/corn2.png using Guid(73f57543bbe892e4fac8385c8ca2496f) Importer(815301076,1909f56bfc062723c751e8b465ee728b)  -> (artifact id: '02e2fa6057892bb0f3a651fa3095471e') in 0.030023 seconds 
========================================================================
Received Import Request.
  Time since last request: 561.880668 seconds.
  path: Assets/Scripts/csRewardActivity.cs
  artifactKey: Guid(465a9211d99fe1842b0fe024d6611e86) Importer(815301076,1909f56bfc062723c751e8b465ee728b)
Start importing Assets/Scripts/csRewardActivity.cs using Guid(465a9211d99fe1842b0fe024d6611e86) Importer(815301076,1909f56bfc062723c751e8b465ee728b)  -> (artifact id: '9a223d95ed905b975b6ade1e88294c1e') in 0.028660 seconds 
========================================================================
Received Import Request.
  Time since last request: 84.194775 seconds.
  path: Assets/Scripts/csOffTodaysCorns.cs
  artifactKey: Guid(660dc94239ee6964db16e14cadd4c6e1) Importer(815301076,1909f56bfc062723c751e8b465ee728b)
Start importing Assets/Scripts/csOffTodaysCorns.cs using Guid(660dc94239ee6964db16e14cadd4c6e1) Importer(815301076,1909f56bfc062723c751e8b465ee728b)  -> (artifact id: '816095f99127013c6396b01482861f9f') in 0.016321 seconds 
========================================================================
Received Prepare
Registering precompiled user dll's ...
Registered in 0.066460 seconds.
Begin MonoManager ReloadAssembly
Symbol file LoadedFromMemory doesn't match image D:\Unity\popCorn\Library\PackageCache\com.unity.visualscripting@1.8.0\Editor\VisualScripting.Core\Dependencies\YamlDotNet\Unity.VisualScripting.YamlDotNet.dll
Symbol file LoadedFromMemory doesn't match image D:\Unity\popCorn\Library\PackageCache\com.unity.visualscripting@1.8.0\Editor\VisualScripting.Core\Dependencies\DotNetZip\Unity.VisualScripting.IonicZip.dll
Native extension for WindowsStandalone target not found
Native extension for WebGL target not found
Refreshing native plugins compatible for Editor in 0.68 ms, found 3 plugins.
Preloading 0 native plugins for Editor in 0.00 ms.
Mono: successfully reloaded assembly
- Completed reload, in  0.918 seconds
Domain Reload Profiling:
	ReloadAssembly (918ms)
		BeginReloadAssembly (163ms)
			ExecutionOrderSort (0ms)
			DisableScriptedObjects (7ms)
			BackupInstance (0ms)
			ReleaseScriptingObjects (0ms)
			CreateAndSetChildDomain (40ms)
		EndReloadAssembly (662ms)
			LoadAssemblies (115ms)
			RebuildTransferFunctionScriptingTraits (0ms)
			SetupTypeCache (224ms)
			ReleaseScriptCaches (1ms)
			RebuildScriptCaches (46ms)
			SetupLoadedEditorAssemblies (267ms)
				LogAssemblyErrors (0ms)
				InitializePlatformSupportModulesInManaged (4ms)
				SetLoadedEditorAssemblies (0ms)
				RefreshPlugins (1ms)
				BeforeProcessingInitializeOnLoad (56ms)
				ProcessInitializeOnLoadAttributes (187ms)
				ProcessInitializeOnLoadMethodAttributes (16ms)
				AfterProcessingInitializeOnLoad (2ms)
				EditorAssembliesLoaded (0ms)
			ExecutionOrderSort2 (0ms)
			AwakeInstancesAfterBackupRestoration (7ms)
Platform modules already initialized, skipping
Refreshing native plugins compatible for Editor in 2.55 ms, found 3 plugins.
Preloading 0 native plugins for Editor in 0.00 ms.
Unloading 3163 Unused Serialized files (Serialized files now loaded: 0)
Unloading 29 unused Assets / (25.7 KB). Loaded Objects now: 3702.
Memory consumption went from 128.9 MB to 128.8 MB.
Total: 3.969900 ms (FindLiveObjects: 0.452100 ms CreateObjectMapping: 0.201300 ms MarkObjects: 3.272200 ms  DeleteObjects: 0.041600 ms)

AssetImportParameters requested are different than current active one (requested -> active):
  custom:video-decoder-ogg-theora: a1e56fd34408186e4bbccfd4996cb3dc -> 
  custom:container-muxer-webm: aa71ff27fc2769a1b78a27578f13a17b -> 
  custom:container-demuxer-webm: 4f35f7cbe854078d1ac9338744f61a02 -> 
  custom:video-encoder-webm-vp8: eb34c28f22e8b96e1ab97ce403110664 -> 
  custom:video-codec-MediaFoundation-h265: e54d7ab0439102e2317fc1e4b246158d -> 
  custom:audio-encoder-webm-vorbis: bf7c407c2cedff20999df2af8eb42d56 -> 
  custom:framework-win-MediaFoundation: 216162199b28c13a410421893ffa2e32 -> 
  custom:container-demuxer-ogg: 62fdf1f143b41e24485cea50d1cbac27 -> 
  custom:video-decoder-webm-vp8: 9c59270c3fd7afecdb556c50c9e8de78 -> 
  custom:audio-decoder-ogg-vorbis: bf7c407c2cedff20999df2af8eb42d56 -> 
========================================================================
Received Import Request.
  Time since last request: 53.591963 seconds.
  path: Assets/Scripts/csTodaysCorns.cs
  artifactKey: Guid(a834686ec10e5ed409ce0455ff01e2b0) Importer(815301076,1909f56bfc062723c751e8b465ee728b)
Start importing Assets/Scripts/csTodaysCorns.cs using Guid(a834686ec10e5ed409ce0455ff01e2b0) Importer(815301076,1909f56bfc062723c751e8b465ee728b)  -> (artifact id: 'f82d557cbb60e57f15233bc6c3e12309') in 0.029719 seconds 
========================================================================
Received Import Request.
  Time since last request: 15.546791 seconds.
  path: Assets/Scripts/csOffTodaysCorns.cs
  artifactKey: Guid(660dc94239ee6964db16e14cadd4c6e1) Importer(815301076,1909f56bfc062723c751e8b465ee728b)
Start importing Assets/Scripts/csOffTodaysCorns.cs using Guid(660dc94239ee6964db16e14cadd4c6e1) Importer(815301076,1909f56bfc062723c751e8b465ee728b)  -> (artifact id: '1f972d4d9bff1ab4e3c928608ce6cadd') in 0.014289 seconds 
========================================================================
Received Import Request.
  Time since last request: 21.541407 seconds.
  path: Assets/Scripts/csOffTodaysCorns.cs
  artifactKey: Guid(660dc94239ee6964db16e14cadd4c6e1) Importer(815301076,1909f56bfc062723c751e8b465ee728b)
Start importing Assets/Scripts/csOffTodaysCorns.cs using Guid(660dc94239ee6964db16e14cadd4c6e1) Importer(815301076,1909f56bfc062723c751e8b465ee728b)  -> (artifact id: 'c3c7593607eefff4ce5ff314c33676e4') in 0.005725 seconds 
========================================================================
Received Prepare
Registering precompiled user dll's ...
Registered in 0.005241 seconds.
Begin MonoManager ReloadAssembly
Symbol file LoadedFromMemory doesn't match image D:\Unity\popCorn\Library\PackageCache\com.unity.visualscripting@1.8.0\Editor\VisualScripting.Core\Dependencies\YamlDotNet\Unity.VisualScripting.YamlDotNet.dll
Symbol file LoadedFromMemory doesn't match image D:\Unity\popCorn\Library\PackageCache\com.unity.visualscripting@1.8.0\Editor\VisualScripting.Core\Dependencies\DotNetZip\Unity.VisualScripting.IonicZip.dll
Native extension for WindowsStandalone target not found
Native extension for WebGL target not found
Refreshing native plugins compatible for Editor in 1.49 ms, found 3 plugins.
Preloading 0 native plugins for Editor in 0.00 ms.
Mono: successfully reloaded assembly
- Completed reload, in  1.396 seconds
Domain Reload Profiling:
	ReloadAssembly (1396ms)
		BeginReloadAssembly (200ms)
			ExecutionOrderSort (0ms)
			DisableScriptedObjects (8ms)
			BackupInstance (0ms)
			ReleaseScriptingObjects (0ms)
			CreateAndSetChildDomain (42ms)
		EndReloadAssembly (1063ms)
			LoadAssemblies (154ms)
			RebuildTransferFunctionScriptingTraits (0ms)
			SetupTypeCache (350ms)
			ReleaseScriptCaches (2ms)
			RebuildScriptCaches (68ms)
			SetupLoadedEditorAssemblies (443ms)
				LogAssemblyErrors (0ms)
				InitializePlatformSupportModulesInManaged (9ms)
				SetLoadedEditorAssemblies (1ms)
				RefreshPlugins (2ms)
				BeforeProcessingInitializeOnLoad (108ms)
				ProcessInitializeOnLoadAttributes (291ms)
				ProcessInitializeOnLoadMethodAttributes (29ms)
				AfterProcessingInitializeOnLoad (3ms)
				EditorAssembliesLoaded (0ms)
			ExecutionOrderSort2 (0ms)
			AwakeInstancesAfterBackupRestoration (11ms)
Platform modules already initialized, skipping
Refreshing native plugins compatible for Editor in 3.27 ms, found 3 plugins.
Preloading 0 native plugins for Editor in 0.00 ms.
Unloading 3163 Unused Serialized files (Serialized files now loaded: 0)
Unloading 29 unused Assets / (24.6 KB). Loaded Objects now: 3705.
Memory consumption went from 128.9 MB to 128.9 MB.
Total: 3.867500 ms (FindLiveObjects: 0.330900 ms CreateObjectMapping: 0.120700 ms MarkObjects: 3.378200 ms  DeleteObjects: 0.035700 ms)

AssetImportParameters requested are different than current active one (requested -> active):
  custom:video-decoder-ogg-theora: a1e56fd34408186e4bbccfd4996cb3dc -> 
  custom:container-muxer-webm: aa71ff27fc2769a1b78a27578f13a17b -> 
  custom:container-demuxer-webm: 4f35f7cbe854078d1ac9338744f61a02 -> 
  custom:video-encoder-webm-vp8: eb34c28f22e8b96e1ab97ce403110664 -> 
  custom:video-codec-MediaFoundation-h265: e54d7ab0439102e2317fc1e4b246158d -> 
  custom:audio-encoder-webm-vorbis: bf7c407c2cedff20999df2af8eb42d56 -> 
  custom:framework-win-MediaFoundation: 216162199b28c13a410421893ffa2e32 -> 
  custom:container-demuxer-ogg: 62fdf1f143b41e24485cea50d1cbac27 -> 
  custom:video-decoder-webm-vp8: 9c59270c3fd7afecdb556c50c9e8de78 -> 
  custom:audio-decoder-ogg-vorbis: bf7c407c2cedff20999df2af8eb42d56 -> 
========================================================================
Received Import Request.
  Time since last request: 204.406402 seconds.
  path: Assets/Scripts/csTodaysCorns.cs
  artifactKey: Guid(a834686ec10e5ed409ce0455ff01e2b0) Importer(815301076,1909f56bfc062723c751e8b465ee728b)
Start importing Assets/Scripts/csTodaysCorns.cs using Guid(a834686ec10e5ed409ce0455ff01e2b0) Importer(815301076,1909f56bfc062723c751e8b465ee728b)  -> (artifact id: 'c26c2f875a066ed9be06924cd700fb19') in 0.014950 seconds 
========================================================================
Received Import Request.
  Time since last request: 50.529888 seconds.
  path: Assets/Scripts/csTodaysCorns.cs
  artifactKey: Guid(a834686ec10e5ed409ce0455ff01e2b0) Importer(815301076,1909f56bfc062723c751e8b465ee728b)
Start importing Assets/Scripts/csTodaysCorns.cs using Guid(a834686ec10e5ed409ce0455ff01e2b0) Importer(815301076,1909f56bfc062723c751e8b465ee728b)  -> (artifact id: 'a411fa6656a0fe244a64a2ec19b2fd8f') in 0.006408 seconds 
========================================================================
Received Prepare
Registering precompiled user dll's ...
Registered in 0.007044 seconds.
Begin MonoManager ReloadAssembly
Symbol file LoadedFromMemory doesn't match image D:\Unity\popCorn\Library\PackageCache\com.unity.visualscripting@1.8.0\Editor\VisualScripting.Core\Dependencies\YamlDotNet\Unity.VisualScripting.YamlDotNet.dll
Symbol file LoadedFromMemory doesn't match image D:\Unity\popCorn\Library\PackageCache\com.unity.visualscripting@1.8.0\Editor\VisualScripting.Core\Dependencies\DotNetZip\Unity.VisualScripting.IonicZip.dll
Native extension for WindowsStandalone target not found
Native extension for WebGL target not found
Refreshing native plugins compatible for Editor in 0.89 ms, found 3 plugins.
Preloading 0 native plugins for Editor in 0.00 ms.
Mono: successfully reloaded assembly
- Completed reload, in  1.296 seconds
Domain Reload Profiling:
	ReloadAssembly (1297ms)
		BeginReloadAssembly (211ms)
			ExecutionOrderSort (0ms)
			DisableScriptedObjects (8ms)
			BackupInstance (0ms)
			ReleaseScriptingObjects (0ms)
			CreateAndSetChildDomain (44ms)
		EndReloadAssembly (949ms)
			LoadAssemblies (157ms)
			RebuildTransferFunctionScriptingTraits (0ms)
			SetupTypeCache (320ms)
			ReleaseScriptCaches (2ms)
			RebuildScriptCaches (59ms)
			SetupLoadedEditorAssemblies (399ms)
				LogAssemblyErrors (0ms)
				InitializePlatformSupportModulesInManaged (7ms)
				SetLoadedEditorAssemblies (1ms)
				RefreshPlugins (1ms)
				BeforeProcessingInitializeOnLoad (85ms)
				ProcessInitializeOnLoadAttributes (273ms)
				ProcessInitializeOnLoadMethodAttributes (29ms)
				AfterProcessingInitializeOnLoad (3ms)
				EditorAssembliesLoaded (0ms)
			ExecutionOrderSort2 (0ms)
			AwakeInstancesAfterBackupRestoration (11ms)
Platform modules already initialized, skipping
Refreshing native plugins compatible for Editor in 4.61 ms, found 3 plugins.
Preloading 0 native plugins for Editor in 0.00 ms.
Unloading 3163 Unused Serialized files (Serialized files now loaded: 0)
Unloading 29 unused Assets / (24.6 KB). Loaded Objects now: 3708.
Memory consumption went from 128.9 MB to 128.9 MB.
Total: 4.752000 ms (FindLiveObjects: 0.420400 ms CreateObjectMapping: 0.163300 ms MarkObjects: 4.122800 ms  DeleteObjects: 0.043600 ms)

AssetImportParameters requested are different than current active one (requested -> active):
  custom:video-decoder-ogg-theora: a1e56fd34408186e4bbccfd4996cb3dc -> 
  custom:container-muxer-webm: aa71ff27fc2769a1b78a27578f13a17b -> 
  custom:container-demuxer-webm: 4f35f7cbe854078d1ac9338744f61a02 -> 
  custom:video-encoder-webm-vp8: eb34c28f22e8b96e1ab97ce403110664 -> 
  custom:video-codec-MediaFoundation-h265: e54d7ab0439102e2317fc1e4b246158d -> 
  custom:audio-encoder-webm-vorbis: bf7c407c2cedff20999df2af8eb42d56 -> 
  custom:framework-win-MediaFoundation: 216162199b28c13a410421893ffa2e32 -> 
  custom:container-demuxer-ogg: 62fdf1f143b41e24485cea50d1cbac27 -> 
  custom:video-decoder-webm-vp8: 9c59270c3fd7afecdb556c50c9e8de78 -> 
  custom:audio-decoder-ogg-vorbis: bf7c407c2cedff20999df2af8eb42d56 -> 
========================================================================
Received Import Request.
  Time since last request: 115.429968 seconds.
  path: Assets/Scripts/csTodaysCorns.cs
  artifactKey: Guid(a834686ec10e5ed409ce0455ff01e2b0) Importer(815301076,1909f56bfc062723c751e8b465ee728b)
Start importing Assets/Scripts/csTodaysCorns.cs using Guid(a834686ec10e5ed409ce0455ff01e2b0) Importer(815301076,1909f56bfc062723c751e8b465ee728b)  -> (artifact id: 'f2692ca7e270a57fd180fecdeeb1123a') in 0.009521 seconds 
========================================================================
Received Prepare
Registering precompiled user dll's ...
Registered in 0.005863 seconds.
Begin MonoManager ReloadAssembly
Symbol file LoadedFromMemory doesn't match image D:\Unity\popCorn\Library\PackageCache\com.unity.visualscripting@1.8.0\Editor\VisualScripting.Core\Dependencies\YamlDotNet\Unity.VisualScripting.YamlDotNet.dll
Symbol file LoadedFromMemory doesn't match image D:\Unity\popCorn\Library\PackageCache\com.unity.visualscripting@1.8.0\Editor\VisualScripting.Core\Dependencies\DotNetZip\Unity.VisualScripting.IonicZip.dll
Native extension for WindowsStandalone target not found
Native extension for WebGL target not found
Refreshing native plugins compatible for Editor in 0.95 ms, found 3 plugins.
Preloading 0 native plugins for Editor in 0.00 ms.
Mono: successfully reloaded assembly
- Completed reload, in  1.416 seconds
Domain Reload Profiling:
	ReloadAssembly (1417ms)
		BeginReloadAssembly (205ms)
			ExecutionOrderSort (0ms)
			DisableScriptedObjects (9ms)
			BackupInstance (0ms)
			ReleaseScriptingObjects (0ms)
			CreateAndSetChildDomain (39ms)
		EndReloadAssembly (1073ms)
			LoadAssemblies (155ms)
			RebuildTransferFunctionScriptingTraits (0ms)
			SetupTypeCache (341ms)
			ReleaseScriptCaches (2ms)
			RebuildScriptCaches (65ms)
			SetupLoadedEditorAssemblies (472ms)
				LogAssemblyErrors (0ms)
				InitializePlatformSupportModulesInManaged (9ms)
				SetLoadedEditorAssemblies (1ms)
				RefreshPlugins (1ms)
				BeforeProcessingInitializeOnLoad (93ms)
				ProcessInitializeOnLoadAttributes (330ms)
				ProcessInitializeOnLoadMethodAttributes (35ms)
				AfterProcessingInitializeOnLoad (3ms)
				EditorAssembliesLoaded (0ms)
			ExecutionOrderSort2 (0ms)
			AwakeInstancesAfterBackupRestoration (12ms)
Platform modules already initialized, skipping
Refreshing native plugins compatible for Editor in 4.05 ms, found 3 plugins.
Preloading 0 native plugins for Editor in 0.00 ms.
Unloading 3163 Unused Serialized files (Serialized files now loaded: 0)
Unloading 29 unused Assets / (24.7 KB). Loaded Objects now: 3711.
Memory consumption went from 128.9 MB to 128.9 MB.
Total: 5.140700 ms (FindLiveObjects: 0.347700 ms CreateObjectMapping: 0.147700 ms MarkObjects: 4.604100 ms  DeleteObjects: 0.039400 ms)

AssetImportParameters requested are different than current active one (requested -> active):
  custom:video-decoder-ogg-theora: a1e56fd34408186e4bbccfd4996cb3dc -> 
  custom:container-muxer-webm: aa71ff27fc2769a1b78a27578f13a17b -> 
  custom:container-demuxer-webm: 4f35f7cbe854078d1ac9338744f61a02 -> 
  custom:video-encoder-webm-vp8: eb34c28f22e8b96e1ab97ce403110664 -> 
  custom:video-codec-MediaFoundation-h265: e54d7ab0439102e2317fc1e4b246158d -> 
  custom:audio-encoder-webm-vorbis: bf7c407c2cedff20999df2af8eb42d56 -> 
  custom:framework-win-MediaFoundation: 216162199b28c13a410421893ffa2e32 -> 
  custom:container-demuxer-ogg: 62fdf1f143b41e24485cea50d1cbac27 -> 
  custom:video-decoder-webm-vp8: 9c59270c3fd7afecdb556c50c9e8de78 -> 
  custom:audio-decoder-ogg-vorbis: bf7c407c2cedff20999df2af8eb42d56 -> 
========================================================================
Received Prepare
Registering precompiled user dll's ...
Registered in 0.006196 seconds.
Begin MonoManager ReloadAssembly
Symbol file LoadedFromMemory doesn't match image D:\Unity\popCorn\Library\PackageCache\com.unity.visualscripting@1.8.0\Editor\VisualScripting.Core\Dependencies\YamlDotNet\Unity.VisualScripting.YamlDotNet.dll
Symbol file LoadedFromMemory doesn't match image D:\Unity\popCorn\Library\PackageCache\com.unity.visualscripting@1.8.0\Editor\VisualScripting.Core\Dependencies\DotNetZip\Unity.VisualScripting.IonicZip.dll
Native extension for WindowsStandalone target not found
Native extension for WebGL target not found
Refreshing native plugins compatible for Editor in 1.15 ms, found 3 plugins.
Preloading 0 native plugins for Editor in 0.00 ms.
Mono: successfully reloaded assembly
- Completed reload, in  1.401 seconds
Domain Reload Profiling:
	ReloadAssembly (1402ms)
		BeginReloadAssembly (202ms)
			ExecutionOrderSort (0ms)
			DisableScriptedObjects (9ms)
			BackupInstance (0ms)
			ReleaseScriptingObjects (0ms)
			CreateAndSetChildDomain (42ms)
		EndReloadAssembly (1065ms)
			LoadAssemblies (149ms)
			RebuildTransferFunctionScriptingTraits (0ms)
			SetupTypeCache (321ms)
			ReleaseScriptCaches (2ms)
			RebuildScriptCaches (66ms)
			SetupLoadedEditorAssemblies (468ms)
				LogAssemblyErrors (0ms)
				InitializePlatformSupportModulesInManaged (8ms)
				SetLoadedEditorAssemblies (1ms)
				RefreshPlugins (1ms)
				BeforeProcessingInitializeOnLoad (92ms)
				ProcessInitializeOnLoadAttributes (328ms)
				ProcessInitializeOnLoadMethodAttributes (34ms)
				AfterProcessingInitializeOnLoad (3ms)
				EditorAssembliesLoaded (0ms)
			ExecutionOrderSort2 (0ms)
			AwakeInstancesAfterBackupRestoration (13ms)
Platform modules already initialized, skipping
Refreshing native plugins compatible for Editor in 3.71 ms, found 3 plugins.
Preloading 0 native plugins for Editor in 0.00 ms.
Unloading 3163 Unused Serialized files (Serialized files now loaded: 0)
Unloading 29 unused Assets / (24.7 KB). Loaded Objects now: 3714.
Memory consumption went from 128.9 MB to 128.9 MB.
Total: 4.934700 ms (FindLiveObjects: 0.344000 ms CreateObjectMapping: 0.131700 ms MarkObjects: 4.329600 ms  DeleteObjects: 0.126000 ms)

AssetImportParameters requested are different than current active one (requested -> active):
  custom:video-decoder-ogg-theora: a1e56fd34408186e4bbccfd4996cb3dc -> 
  custom:container-muxer-webm: aa71ff27fc2769a1b78a27578f13a17b -> 
  custom:container-demuxer-webm: 4f35f7cbe854078d1ac9338744f61a02 -> 
  custom:video-encoder-webm-vp8: eb34c28f22e8b96e1ab97ce403110664 -> 
  custom:video-codec-MediaFoundation-h265: e54d7ab0439102e2317fc1e4b246158d -> 
  custom:audio-encoder-webm-vorbis: bf7c407c2cedff20999df2af8eb42d56 -> 
  custom:framework-win-MediaFoundation: 216162199b28c13a410421893ffa2e32 -> 
  custom:container-demuxer-ogg: 62fdf1f143b41e24485cea50d1cbac27 -> 
  custom:video-decoder-webm-vp8: 9c59270c3fd7afecdb556c50c9e8de78 -> 
  custom:audio-decoder-ogg-vorbis: bf7c407c2cedff20999df2af8eb42d56 -> 
========================================================================
Received Import Request.
  Time since last request: 493.532669 seconds.
  path: Assets/src/caldd.png
  artifactKey: Guid(cbcb06111c0b99d4f91ea2f2ad450deb) Importer(815301076,1909f56bfc062723c751e8b465ee728b)
Start importing Assets/src/caldd.png using Guid(cbcb06111c0b99d4f91ea2f2ad450deb) Importer(815301076,1909f56bfc062723c751e8b465ee728b)  -> (artifact id: 'a855e2b64ef5fe2c13107cc74fb1a585') in 0.091547 seconds 
========================================================================
Received Import Request.
  Time since last request: 13.288516 seconds.
  path: Assets/src/caldd.png
  artifactKey: Guid(cbcb06111c0b99d4f91ea2f2ad450deb) Importer(815301076,1909f56bfc062723c751e8b465ee728b)
Start importing Assets/src/caldd.png using Guid(cbcb06111c0b99d4f91ea2f2ad450deb) Importer(815301076,1909f56bfc062723c751e8b465ee728b)  -> (artifact id: 'fad642652b8fef11e17dc3df8de89b85') in 0.090317 seconds 
========================================================================
Received Prepare
Registering precompiled user dll's ...
Registered in 0.005075 seconds.
Begin MonoManager ReloadAssembly
Symbol file LoadedFromMemory doesn't match image D:\Unity\popCorn\Library\PackageCache\com.unity.visualscripting@1.8.0\Editor\VisualScripting.Core\Dependencies\YamlDotNet\Unity.VisualScripting.YamlDotNet.dll
Symbol file LoadedFromMemory doesn't match image D:\Unity\popCorn\Library\PackageCache\com.unity.visualscripting@1.8.0\Editor\VisualScripting.Core\Dependencies\DotNetZip\Unity.VisualScripting.IonicZip.dll
Native extension for WindowsStandalone target not found
Native extension for WebGL target not found
Refreshing native plugins compatible for Editor in 0.91 ms, found 3 plugins.
Preloading 0 native plugins for Editor in 0.00 ms.
Mono: successfully reloaded assembly
- Completed reload, in  1.348 seconds
Domain Reload Profiling:
	ReloadAssembly (1350ms)
		BeginReloadAssembly (203ms)
			ExecutionOrderSort (0ms)
			DisableScriptedObjects (7ms)
			BackupInstance (0ms)
			ReleaseScriptingObjects (0ms)
			CreateAndSetChildDomain (45ms)
		EndReloadAssembly (1010ms)
			LoadAssemblies (152ms)
			RebuildTransferFunctionScriptingTraits (0ms)
			SetupTypeCache (333ms)
			ReleaseScriptCaches (2ms)
			RebuildScriptCaches (61ms)
			SetupLoadedEditorAssemblies (428ms)
				LogAssemblyErrors (0ms)
				InitializePlatformSupportModulesInManaged (8ms)
				SetLoadedEditorAssemblies (1ms)
				RefreshPlugins (1ms)
				BeforeProcessingInitializeOnLoad (83ms)
				ProcessInitializeOnLoadAttributes (299ms)
				ProcessInitializeOnLoadMethodAttributes (33ms)
				AfterProcessingInitializeOnLoad (3ms)
				EditorAssembliesLoaded (0ms)
			ExecutionOrderSort2 (0ms)
			AwakeInstancesAfterBackupRestoration (13ms)
Platform modules already initialized, skipping
Refreshing native plugins compatible for Editor in 3.25 ms, found 3 plugins.
Preloading 0 native plugins for Editor in 0.00 ms.
Unloading 3163 Unused Serialized files (Serialized files now loaded: 0)
Unloading 29 unused Assets / (24.6 KB). Loaded Objects now: 3720.
Memory consumption went from 128.9 MB to 128.9 MB.
Total: 4.273300 ms (FindLiveObjects: 0.440700 ms CreateObjectMapping: 0.197900 ms MarkObjects: 3.576000 ms  DeleteObjects: 0.055600 ms)

AssetImportParameters requested are different than current active one (requested -> active):
  custom:video-decoder-ogg-theora: a1e56fd34408186e4bbccfd4996cb3dc -> 
  custom:container-muxer-webm: aa71ff27fc2769a1b78a27578f13a17b -> 
  custom:container-demuxer-webm: 4f35f7cbe854078d1ac9338744f61a02 -> 
  custom:video-encoder-webm-vp8: eb34c28f22e8b96e1ab97ce403110664 -> 
  custom:video-codec-MediaFoundation-h265: e54d7ab0439102e2317fc1e4b246158d -> 
  custom:audio-encoder-webm-vorbis: bf7c407c2cedff20999df2af8eb42d56 -> 
  custom:framework-win-MediaFoundation: 216162199b28c13a410421893ffa2e32 -> 
  custom:container-demuxer-ogg: 62fdf1f143b41e24485cea50d1cbac27 -> 
  custom:video-decoder-webm-vp8: 9c59270c3fd7afecdb556c50c9e8de78 -> 
  custom:audio-decoder-ogg-vorbis: bf7c407c2cedff20999df2af8eb42d56 -> 
========================================================================
Received Import Request.
  Time since last request: 351.401300 seconds.
  path: Assets/Scripts/csCalender.cs
  artifactKey: Guid(0e04ef0dfe7a47147be225f5009f83c1) Importer(815301076,1909f56bfc062723c751e8b465ee728b)
Start importing Assets/Scripts/csCalender.cs using Guid(0e04ef0dfe7a47147be225f5009f83c1) Importer(815301076,1909f56bfc062723c751e8b465ee728b)  -> (artifact id: 'e515ed89d457ba75d76b55db3a937d78') in 0.017633 seconds 
========================================================================
Received Import Request.
  Time since last request: 34.508306 seconds.
  path: Assets/Scripts/csOffCalender.cs
  artifactKey: Guid(3cb564611285ed049be13a1ebb76b700) Importer(815301076,1909f56bfc062723c751e8b465ee728b)
Start importing Assets/Scripts/csOffCalender.cs using Guid(3cb564611285ed049be13a1ebb76b700) Importer(815301076,1909f56bfc062723c751e8b465ee728b)  -> (artifact id: '5e7107ae62d054c2ca0781765df6b00b') in 0.016934 seconds 
========================================================================
Received Import Request.
  Time since last request: 32.092919 seconds.
  path: Assets/Scripts/csOffCalender.cs
  artifactKey: Guid(3cb564611285ed049be13a1ebb76b700) Importer(815301076,1909f56bfc062723c751e8b465ee728b)
Start importing Assets/Scripts/csOffCalender.cs using Guid(3cb564611285ed049be13a1ebb76b700) Importer(815301076,1909f56bfc062723c751e8b465ee728b)  -> (artifact id: '63f08550b880f54ff50d2c5a93063f49') in 0.005817 seconds 
========================================================================
Received Prepare
Registering precompiled user dll's ...
Registered in 0.005549 seconds.
Begin MonoManager ReloadAssembly
Symbol file LoadedFromMemory doesn't match image D:\Unity\popCorn\Library\PackageCache\com.unity.visualscripting@1.8.0\Editor\VisualScripting.Core\Dependencies\YamlDotNet\Unity.VisualScripting.YamlDotNet.dll
Symbol file LoadedFromMemory doesn't match image D:\Unity\popCorn\Library\PackageCache\com.unity.visualscripting@1.8.0\Editor\VisualScripting.Core\Dependencies\DotNetZip\Unity.VisualScripting.IonicZip.dll
Native extension for WindowsStandalone target not found
Native extension for WebGL target not found
Refreshing native plugins compatible for Editor in 1.16 ms, found 3 plugins.
Preloading 0 native plugins for Editor in 0.00 ms.
Mono: successfully reloaded assembly
- Completed reload, in  1.309 seconds
Domain Reload Profiling:
	ReloadAssembly (1310ms)
		BeginReloadAssembly (204ms)
			ExecutionOrderSort (0ms)
			DisableScriptedObjects (8ms)
			BackupInstance (0ms)
			ReleaseScriptingObjects (0ms)
			CreateAndSetChildDomain (45ms)
		EndReloadAssembly (967ms)
			LoadAssemblies (148ms)
			RebuildTransferFunctionScriptingTraits (0ms)
			SetupTypeCache (335ms)
			ReleaseScriptCaches (2ms)
			RebuildScriptCaches (59ms)
			SetupLoadedEditorAssemblies (396ms)
				LogAssemblyErrors (0ms)
				InitializePlatformSupportModulesInManaged (7ms)
				SetLoadedEditorAssemblies (1ms)
				RefreshPlugins (1ms)
				BeforeProcessingInitializeOnLoad (84ms)
				ProcessInitializeOnLoadAttributes (271ms)
				ProcessInitializeOnLoadMethodAttributes (28ms)
				AfterProcessingInitializeOnLoad (3ms)
				EditorAssembliesLoaded (0ms)
			ExecutionOrderSort2 (0ms)
			AwakeInstancesAfterBackupRestoration (11ms)
Platform modules already initialized, skipping
Refreshing native plugins compatible for Editor in 3.51 ms, found 3 plugins.
Preloading 0 native plugins for Editor in 0.00 ms.
Unloading 3164 Unused Serialized files (Serialized files now loaded: 0)
Unloading 29 unused Assets / (24.6 KB). Loaded Objects now: 3724.
Memory consumption went from 129.0 MB to 128.9 MB.
Total: 4.507700 ms (FindLiveObjects: 0.339700 ms CreateObjectMapping: 0.124800 ms MarkObjects: 3.989700 ms  DeleteObjects: 0.051500 ms)

AssetImportParameters requested are different than current active one (requested -> active):
  custom:video-decoder-ogg-theora: a1e56fd34408186e4bbccfd4996cb3dc -> 
  custom:container-muxer-webm: aa71ff27fc2769a1b78a27578f13a17b -> 
  custom:container-demuxer-webm: 4f35f7cbe854078d1ac9338744f61a02 -> 
  custom:video-encoder-webm-vp8: eb34c28f22e8b96e1ab97ce403110664 -> 
  custom:video-codec-MediaFoundation-h265: e54d7ab0439102e2317fc1e4b246158d -> 
  custom:audio-encoder-webm-vorbis: bf7c407c2cedff20999df2af8eb42d56 -> 
  custom:framework-win-MediaFoundation: 216162199b28c13a410421893ffa2e32 -> 
  custom:container-demuxer-ogg: 62fdf1f143b41e24485cea50d1cbac27 -> 
  custom:video-decoder-webm-vp8: 9c59270c3fd7afecdb556c50c9e8de78 -> 
  custom:audio-decoder-ogg-vorbis: bf7c407c2cedff20999df2af8eb42d56 -> 
========================================================================
Received Prepare
Registering precompiled user dll's ...
Registered in 0.006505 seconds.
Begin MonoManager ReloadAssembly
Symbol file LoadedFromMemory doesn't match image D:\Unity\popCorn\Library\PackageCache\com.unity.visualscripting@1.8.0\Editor\VisualScripting.Core\Dependencies\YamlDotNet\Unity.VisualScripting.YamlDotNet.dll
Symbol file LoadedFromMemory doesn't match image D:\Unity\popCorn\Library\PackageCache\com.unity.visualscripting@1.8.0\Editor\VisualScripting.Core\Dependencies\DotNetZip\Unity.VisualScripting.IonicZip.dll
Native extension for WindowsStandalone target not found
Native extension for WebGL target not found
Refreshing native plugins compatible for Editor in 1.17 ms, found 3 plugins.
Preloading 0 native plugins for Editor in 0.00 ms.
Mono: successfully reloaded assembly
- Completed reload, in  1.366 seconds
Domain Reload Profiling:
	ReloadAssembly (1367ms)
		BeginReloadAssembly (200ms)
			ExecutionOrderSort (0ms)
			DisableScriptedObjects (8ms)
			BackupInstance (0ms)
			ReleaseScriptingObjects (0ms)
			CreateAndSetChildDomain (43ms)
		EndReloadAssembly (1031ms)
			LoadAssemblies (152ms)
			RebuildTransferFunctionScriptingTraits (0ms)
			SetupTypeCache (322ms)
			ReleaseScriptCaches (2ms)
			RebuildScriptCaches (64ms)
			SetupLoadedEditorAssemblies (455ms)
				LogAssemblyErrors (0ms)
				InitializePlatformSupportModulesInManaged (10ms)
				SetLoadedEditorAssemblies (1ms)
				RefreshPlugins (1ms)
				BeforeProcessingInitializeOnLoad (94ms)
				ProcessInitializeOnLoadAttributes (312ms)
				ProcessInitializeOnLoadMethodAttributes (31ms)
				AfterProcessingInitializeOnLoad (6ms)
				EditorAssembliesLoaded (0ms)
			ExecutionOrderSort2 (0ms)
			AwakeInstancesAfterBackupRestoration (13ms)
Platform modules already initialized, skipping
Refreshing native plugins compatible for Editor in 4.24 ms, found 3 plugins.
Preloading 0 native plugins for Editor in 0.00 ms.
Unloading 3164 Unused Serialized files (Serialized files now loaded: 0)
Unloading 29 unused Assets / (24.6 KB). Loaded Objects now: 3727.
Memory consumption went from 129.0 MB to 128.9 MB.
Total: 5.550500 ms (FindLiveObjects: 0.353600 ms CreateObjectMapping: 0.151100 ms MarkObjects: 4.985900 ms  DeleteObjects: 0.057900 ms)

AssetImportParameters requested are different than current active one (requested -> active):
  custom:video-decoder-ogg-theora: a1e56fd34408186e4bbccfd4996cb3dc -> 
  custom:container-muxer-webm: aa71ff27fc2769a1b78a27578f13a17b -> 
  custom:container-demuxer-webm: 4f35f7cbe854078d1ac9338744f61a02 -> 
  custom:video-encoder-webm-vp8: eb34c28f22e8b96e1ab97ce403110664 -> 
  custom:video-codec-MediaFoundation-h265: e54d7ab0439102e2317fc1e4b246158d -> 
  custom:audio-encoder-webm-vorbis: bf7c407c2cedff20999df2af8eb42d56 -> 
  custom:framework-win-MediaFoundation: 216162199b28c13a410421893ffa2e32 -> 
  custom:container-demuxer-ogg: 62fdf1f143b41e24485cea50d1cbac27 -> 
  custom:video-decoder-webm-vp8: 9c59270c3fd7afecdb556c50c9e8de78 -> 
  custom:audio-decoder-ogg-vorbis: bf7c407c2cedff20999df2af8eb42d56 -> 
========================================================================
Received Prepare
Registering precompiled user dll's ...
Registered in 0.004979 seconds.
Begin MonoManager ReloadAssembly
Symbol file LoadedFromMemory doesn't match image D:\Unity\popCorn\Library\PackageCache\com.unity.visualscripting@1.8.0\Editor\VisualScripting.Core\Dependencies\YamlDotNet\Unity.VisualScripting.YamlDotNet.dll
Symbol file LoadedFromMemory doesn't match image D:\Unity\popCorn\Library\PackageCache\com.unity.visualscripting@1.8.0\Editor\VisualScripting.Core\Dependencies\DotNetZip\Unity.VisualScripting.IonicZip.dll
Native extension for WindowsStandalone target not found
Native extension for WebGL target not found
Refreshing native plugins compatible for Editor in 1.04 ms, found 3 plugins.
Preloading 0 native plugins for Editor in 0.00 ms.
Mono: successfully reloaded assembly
- Completed reload, in  0.975 seconds
Domain Reload Profiling:
	ReloadAssembly (976ms)
		BeginReloadAssembly (163ms)
			ExecutionOrderSort (0ms)
			DisableScriptedObjects (9ms)
			BackupInstance (0ms)
			ReleaseScriptingObjects (0ms)
			CreateAndSetChildDomain (37ms)
		EndReloadAssembly (717ms)
			LoadAssemblies (111ms)
			RebuildTransferFunctionScriptingTraits (0ms)
			SetupTypeCache (222ms)
			ReleaseScriptCaches (1ms)
			RebuildScriptCaches (46ms)
			SetupLoadedEditorAssemblies (314ms)
				LogAssemblyErrors (0ms)
				InitializePlatformSupportModulesInManaged (5ms)
				SetLoadedEditorAssemblies (1ms)
				RefreshPlugins (1ms)
				BeforeProcessingInitializeOnLoad (59ms)
				ProcessInitializeOnLoadAttributes (219ms)
				ProcessInitializeOnLoadMethodAttributes (26ms)
				AfterProcessingInitializeOnLoad (2ms)
				EditorAssembliesLoaded (0ms)
			ExecutionOrderSort2 (0ms)
			AwakeInstancesAfterBackupRestoration (10ms)
Platform modules already initialized, skipping
Refreshing native plugins compatible for Editor in 3.65 ms, found 3 plugins.
Preloading 0 native plugins for Editor in 0.00 ms.
Unloading 3164 Unused Serialized files (Serialized files now loaded: 0)
Unloading 29 unused Assets / (25.7 KB). Loaded Objects now: 3730.
Memory consumption went from 129.0 MB to 129.0 MB.
Total: 3.352400 ms (FindLiveObjects: 0.353500 ms CreateObjectMapping: 0.118200 ms MarkObjects: 2.844100 ms  DeleteObjects: 0.032900 ms)

AssetImportParameters requested are different than current active one (requested -> active):
  custom:video-decoder-ogg-theora: a1e56fd34408186e4bbccfd4996cb3dc -> 
  custom:container-muxer-webm: aa71ff27fc2769a1b78a27578f13a17b -> 
  custom:container-demuxer-webm: 4f35f7cbe854078d1ac9338744f61a02 -> 
  custom:video-encoder-webm-vp8: eb34c28f22e8b96e1ab97ce403110664 -> 
  custom:video-codec-MediaFoundation-h265: e54d7ab0439102e2317fc1e4b246158d -> 
  custom:audio-encoder-webm-vorbis: bf7c407c2cedff20999df2af8eb42d56 -> 
  custom:framework-win-MediaFoundation: 216162199b28c13a410421893ffa2e32 -> 
  custom:container-demuxer-ogg: 62fdf1f143b41e24485cea50d1cbac27 -> 
  custom:video-decoder-webm-vp8: 9c59270c3fd7afecdb556c50c9e8de78 -> 
  custom:audio-decoder-ogg-vorbis: bf7c407c2cedff20999df2af8eb42d56 -> 
========================================================================
Received Import Request.
  Time since last request: 486.595364 seconds.
  path: Assets/Scripts/csCalenderOp.cs
  artifactKey: Guid(b962a6364504e0c4abf65ddf81930b5e) Importer(815301076,1909f56bfc062723c751e8b465ee728b)
Start importing Assets/Scripts/csCalenderOp.cs using Guid(b962a6364504e0c4abf65ddf81930b5e) Importer(815301076,1909f56bfc062723c751e8b465ee728b)  -> (artifact id: '52669ff3e9049ae05f08c0c1c1168835') in 0.027105 seconds 
========================================================================
Received Prepare
Registering precompiled user dll's ...
Registered in 0.005514 seconds.
Begin MonoManager ReloadAssembly
Symbol file LoadedFromMemory doesn't match image D:\Unity\popCorn\Library\PackageCache\com.unity.visualscripting@1.8.0\Editor\VisualScripting.Core\Dependencies\YamlDotNet\Unity.VisualScripting.YamlDotNet.dll
Symbol file LoadedFromMemory doesn't match image D:\Unity\popCorn\Library\PackageCache\com.unity.visualscripting@1.8.0\Editor\VisualScripting.Core\Dependencies\DotNetZip\Unity.VisualScripting.IonicZip.dll
Native extension for WindowsStandalone target not found
Native extension for WebGL target not found
Refreshing native plugins compatible for Editor in 0.92 ms, found 3 plugins.
Preloading 0 native plugins for Editor in 0.00 ms.
Mono: successfully reloaded assembly
- Completed reload, in  1.330 seconds
Domain Reload Profiling:
	ReloadAssembly (1331ms)
		BeginReloadAssembly (215ms)
			ExecutionOrderSort (0ms)
			DisableScriptedObjects (9ms)
			BackupInstance (0ms)
			ReleaseScriptingObjects (0ms)
			CreateAndSetChildDomain (43ms)
		EndReloadAssembly (974ms)
			LoadAssemblies (160ms)
			RebuildTransferFunctionScriptingTraits (0ms)
			SetupTypeCache (318ms)
			ReleaseScriptCaches (2ms)
			RebuildScriptCaches (60ms)
			SetupLoadedEditorAssemblies (422ms)
				LogAssemblyErrors (0ms)
				InitializePlatformSupportModulesInManaged (7ms)
				SetLoadedEditorAssemblies (1ms)
				RefreshPlugins (1ms)
				BeforeProcessingInitializeOnLoad (86ms)
				ProcessInitializeOnLoadAttributes (292ms)
				ProcessInitializeOnLoadMethodAttributes (32ms)
				AfterProcessingInitializeOnLoad (4ms)
				EditorAssembliesLoaded (0ms)
			ExecutionOrderSort2 (0ms)
			AwakeInstancesAfterBackupRestoration (11ms)
Platform modules already initialized, skipping
Refreshing native plugins compatible for Editor in 3.45 ms, found 3 plugins.
Preloading 0 native plugins for Editor in 0.00 ms.
Unloading 3165 Unused Serialized files (Serialized files now loaded: 0)
Unloading 29 unused Assets / (24.6 KB). Loaded Objects now: 3734.
Memory consumption went from 129.0 MB to 129.0 MB.
Total: 4.185600 ms (FindLiveObjects: 0.457000 ms CreateObjectMapping: 0.221700 ms MarkObjects: 3.462500 ms  DeleteObjects: 0.042000 ms)

AssetImportParameters requested are different than current active one (requested -> active):
  custom:video-decoder-ogg-theora: a1e56fd34408186e4bbccfd4996cb3dc -> 
  custom:container-muxer-webm: aa71ff27fc2769a1b78a27578f13a17b -> 
  custom:container-demuxer-webm: 4f35f7cbe854078d1ac9338744f61a02 -> 
  custom:video-encoder-webm-vp8: eb34c28f22e8b96e1ab97ce403110664 -> 
  custom:video-codec-MediaFoundation-h265: e54d7ab0439102e2317fc1e4b246158d -> 
  custom:audio-encoder-webm-vorbis: bf7c407c2cedff20999df2af8eb42d56 -> 
  custom:framework-win-MediaFoundation: 216162199b28c13a410421893ffa2e32 -> 
  custom:container-demuxer-ogg: 62fdf1f143b41e24485cea50d1cbac27 -> 
  custom:video-decoder-webm-vp8: 9c59270c3fd7afecdb556c50c9e8de78 -> 
  custom:audio-decoder-ogg-vorbis: bf7c407c2cedff20999df2af8eb42d56 -> 
========================================================================
Received Import Request.
  Time since last request: 291.186394 seconds.
  path: Assets/Scripts/csCalenderOp.cs
  artifactKey: Guid(b962a6364504e0c4abf65ddf81930b5e) Importer(815301076,1909f56bfc062723c751e8b465ee728b)
Start importing Assets/Scripts/csCalenderOp.cs using Guid(b962a6364504e0c4abf65ddf81930b5e) Importer(815301076,1909f56bfc062723c751e8b465ee728b)  -> (artifact id: 'ca3ff3f9237e92e5793e431794ec4298') in 0.018522 seconds 
========================================================================
Received Prepare
Registering precompiled user dll's ...
Registered in 0.005904 seconds.
Begin MonoManager ReloadAssembly
Symbol file LoadedFromMemory doesn't match image D:\Unity\popCorn\Library\PackageCache\com.unity.visualscripting@1.8.0\Editor\VisualScripting.Core\Dependencies\YamlDotNet\Unity.VisualScripting.YamlDotNet.dll
Symbol file LoadedFromMemory doesn't match image D:\Unity\popCorn\Library\PackageCache\com.unity.visualscripting@1.8.0\Editor\VisualScripting.Core\Dependencies\DotNetZip\Unity.VisualScripting.IonicZip.dll
Native extension for WindowsStandalone target not found
Native extension for WebGL target not found
Refreshing native plugins compatible for Editor in 1.57 ms, found 3 plugins.
Preloading 0 native plugins for Editor in 0.00 ms.
Mono: successfully reloaded assembly
- Completed reload, in  1.390 seconds
Domain Reload Profiling:
	ReloadAssembly (1391ms)
		BeginReloadAssembly (206ms)
			ExecutionOrderSort (0ms)
			DisableScriptedObjects (9ms)
			BackupInstance (0ms)
			ReleaseScriptingObjects (0ms)
			CreateAndSetChildDomain (43ms)
		EndReloadAssembly (1048ms)
			LoadAssemblies (157ms)
			RebuildTransferFunctionScriptingTraits (0ms)
			SetupTypeCache (359ms)
			ReleaseScriptCaches (2ms)
			RebuildScriptCaches (73ms)
			SetupLoadedEditorAssemblies (421ms)
				LogAssemblyErrors (0ms)
				InitializePlatformSupportModulesInManaged (9ms)
				SetLoadedEditorAssemblies (1ms)
				RefreshPlugins (2ms)
				BeforeProcessingInitializeOnLoad (94ms)
				ProcessInitializeOnLoadAttributes (280ms)
				ProcessInitializeOnLoadMethodAttributes (32ms)
				AfterProcessingInitializeOnLoad (3ms)
				EditorAssembliesLoaded (0ms)
			ExecutionOrderSort2 (0ms)
			AwakeInstancesAfterBackupRestoration (12ms)
Platform modules already initialized, skipping
Refreshing native plugins compatible for Editor in 4.16 ms, found 3 plugins.
Preloading 0 native plugins for Editor in 0.00 ms.
Unloading 3165 Unused Serialized files (Serialized files now loaded: 0)
Unloading 29 unused Assets / (24.6 KB). Loaded Objects now: 3737.
Memory consumption went from 129.0 MB to 129.0 MB.
Total: 4.530200 ms (FindLiveObjects: 0.443800 ms CreateObjectMapping: 0.195000 ms MarkObjects: 3.831900 ms  DeleteObjects: 0.056600 ms)

AssetImportParameters requested are different than current active one (requested -> active):
  custom:video-decoder-ogg-theora: a1e56fd34408186e4bbccfd4996cb3dc -> 
  custom:container-muxer-webm: aa71ff27fc2769a1b78a27578f13a17b -> 
  custom:container-demuxer-webm: 4f35f7cbe854078d1ac9338744f61a02 -> 
  custom:video-encoder-webm-vp8: eb34c28f22e8b96e1ab97ce403110664 -> 
  custom:video-codec-MediaFoundation-h265: e54d7ab0439102e2317fc1e4b246158d -> 
  custom:audio-encoder-webm-vorbis: bf7c407c2cedff20999df2af8eb42d56 -> 
  custom:framework-win-MediaFoundation: 216162199b28c13a410421893ffa2e32 -> 
  custom:container-demuxer-ogg: 62fdf1f143b41e24485cea50d1cbac27 -> 
  custom:video-decoder-webm-vp8: 9c59270c3fd7afecdb556c50c9e8de78 -> 
  custom:audio-decoder-ogg-vorbis: bf7c407c2cedff20999df2af8eb42d56 -> 
========================================================================
Received Prepare
Registering precompiled user dll's ...
Registered in 0.005496 seconds.
Begin MonoManager ReloadAssembly
Symbol file LoadedFromMemory doesn't match image D:\Unity\popCorn\Library\PackageCache\com.unity.visualscripting@1.8.0\Editor\VisualScripting.Core\Dependencies\YamlDotNet\Unity.VisualScripting.YamlDotNet.dll
Symbol file LoadedFromMemory doesn't match image D:\Unity\popCorn\Library\PackageCache\com.unity.visualscripting@1.8.0\Editor\VisualScripting.Core\Dependencies\DotNetZip\Unity.VisualScripting.IonicZip.dll
Native extension for WindowsStandalone target not found
Native extension for WebGL target not found
Refreshing native plugins compatible for Editor in 1.17 ms, found 3 plugins.
Preloading 0 native plugins for Editor in 0.00 ms.
Mono: successfully reloaded assembly
- Completed reload, in  1.389 seconds
Domain Reload Profiling:
	ReloadAssembly (1390ms)
		BeginReloadAssembly (200ms)
			ExecutionOrderSort (0ms)
			DisableScriptedObjects (8ms)
			BackupInstance (0ms)
			ReleaseScriptingObjects (0ms)
			CreateAndSetChildDomain (41ms)
		EndReloadAssembly (1059ms)
			LoadAssemblies (148ms)
			RebuildTransferFunctionScriptingTraits (0ms)
			SetupTypeCache (345ms)
			ReleaseScriptCaches (2ms)
			RebuildScriptCaches (68ms)
			SetupLoadedEditorAssemblies (454ms)
				LogAssemblyErrors (0ms)
				InitializePlatformSupportModulesInManaged (8ms)
				SetLoadedEditorAssemblies (1ms)
				RefreshPlugins (1ms)
				BeforeProcessingInitializeOnLoad (95ms)
				ProcessInitializeOnLoadAttributes (312ms)
				ProcessInitializeOnLoadMethodAttributes (33ms)
				AfterProcessingInitializeOnLoad (3ms)
				EditorAssembliesLoaded (0ms)
			ExecutionOrderSort2 (0ms)
			AwakeInstancesAfterBackupRestoration (12ms)
Platform modules already initialized, skipping
Refreshing native plugins compatible for Editor in 4.10 ms, found 3 plugins.
Preloading 0 native plugins for Editor in 0.00 ms.
Unloading 3165 Unused Serialized files (Serialized files now loaded: 0)
Unloading 29 unused Assets / (25.7 KB). Loaded Objects now: 3740.
Memory consumption went from 129.0 MB to 129.0 MB.
Total: 5.360600 ms (FindLiveObjects: 0.693300 ms CreateObjectMapping: 0.274100 ms MarkObjects: 4.292400 ms  DeleteObjects: 0.098300 ms)

AssetImportParameters requested are different than current active one (requested -> active):
  custom:video-decoder-ogg-theora: a1e56fd34408186e4bbccfd4996cb3dc -> 
  custom:container-muxer-webm: aa71ff27fc2769a1b78a27578f13a17b -> 
  custom:container-demuxer-webm: 4f35f7cbe854078d1ac9338744f61a02 -> 
  custom:video-encoder-webm-vp8: eb34c28f22e8b96e1ab97ce403110664 -> 
  custom:video-codec-MediaFoundation-h265: e54d7ab0439102e2317fc1e4b246158d -> 
  custom:audio-encoder-webm-vorbis: bf7c407c2cedff20999df2af8eb42d56 -> 
  custom:framework-win-MediaFoundation: 216162199b28c13a410421893ffa2e32 -> 
  custom:container-demuxer-ogg: 62fdf1f143b41e24485cea50d1cbac27 -> 
  custom:video-decoder-webm-vp8: 9c59270c3fd7afecdb556c50c9e8de78 -> 
  custom:audio-decoder-ogg-vorbis: bf7c407c2cedff20999df2af8eb42d56 -> 
